2014/09/13 17:00:56 [error] [exception.CException] exception 'CException' with message 'CAssetManager.basePath "/home/thais/workspace/admin/assets" é inválido. Por favor, tenha certeza que o diretório existe e que o servidor Web possa escrever nele.' in /home/thais/workspace/admin/framework/web/CAssetManager.php:138
Stack trace:
#0 /home/thais/workspace/admin/framework/web/CAssetManager.php(123): CAssetManager->setBasePath('/home/thais/wor...')
#1 /home/thais/workspace/admin/framework/web/CAssetManager.php(217): CAssetManager->getBasePath()
#2 /home/thais/workspace/admin/framework/gii/GiiModule.php(143): CAssetManager->publish('/home/thais/wor...')
#3 /home/thais/workspace/admin/framework/base/CComponent.php(111): GiiModule->getAssetsUrl()
#4 /home/thais/workspace/admin/framework/base/CModule.php(105): CComponent->__get('assetsUrl')
#5 /home/thais/workspace/admin/framework/gii/views/layouts/main.php(5): CModule->__get('assetsUrl')
#6 /home/thais/workspace/admin/framework/web/CBaseController.php(126): require('/home/thais/wor...')
#7 /home/thais/workspace/admin/framework/web/CBaseController.php(95): CBaseController->renderInternal('/home/thais/wor...', Array, true)
#8 /home/thais/workspace/admin/framework/web/widgets/CContentDecorator.php(76): CBaseController->renderFile('/home/thais/wor...', Array, true)
#9 /home/thais/workspace/admin/framework/web/widgets/CContentDecorator.php(54): CContentDecorator->decorate('<div class="con...')
#10 /home/thais/workspace/admin/framework/web/widgets/COutputProcessor.php(44): CContentDecorator->processOutput('<div class="con...')
#11 /home/thais/workspace/admin/framework/web/CBaseController.php(206): COutputProcessor->run()
#12 /home/thais/workspace/admin/framework/web/CBaseController.php(300): CBaseController->endWidget('CContentDecorat...')
#13 /home/thais/workspace/admin/framework/gii/views/layouts/column1.php(7): CBaseController->endContent()
#14 /home/thais/workspace/admin/framework/web/CBaseController.php(126): require('/home/thais/wor...')
#15 /home/thais/workspace/admin/framework/web/CBaseController.php(95): CBaseController->renderInternal('/home/thais/wor...', Array, true)
#16 /home/thais/workspace/admin/framework/web/CController.php(784): CBaseController->renderFile('/home/thais/wor...', Array, true)
#17 /home/thais/workspace/admin/framework/gii/controllers/DefaultController.php(47): CController->render('login', Array)
#18 /home/thais/workspace/admin/framework/web/actions/CInlineAction.php(49): DefaultController->actionLogin()
#19 /home/thais/workspace/admin/framework/web/CController.php(308): CInlineAction->runWithParams(Array)
#20 /home/thais/workspace/admin/framework/web/CController.php(286): CController->runAction(Object(CInlineAction))
#21 /home/thais/workspace/admin/framework/web/CController.php(265): CController->runActionWithFilters(Object(CInlineAction), Array)
#22 /home/thais/workspace/admin/framework/web/CWebApplication.php(282): CController->run('login')
#23 /home/thais/workspace/admin/framework/web/CWebApplication.php(141): CWebApplication->runController('gii/default/log...')
#24 /home/thais/workspace/admin/framework/base/CApplication.php(180): CWebApplication->processRequest()
#25 /home/thais/workspace/admin/index.php(13): CApplication->run()
#26 {main}
REQUEST_URI=/gii/default/login
---
2014/09/13 17:01:08 [error] [exception.CException] exception 'CException' with message 'CAssetManager.basePath "/home/thais/workspace/admin/assets" é inválido. Por favor, tenha certeza que o diretório existe e que o servidor Web possa escrever nele.' in /home/thais/workspace/admin/framework/web/CAssetManager.php:138
Stack trace:
#0 /home/thais/workspace/admin/framework/web/CAssetManager.php(123): CAssetManager->setBasePath('/home/thais/wor...')
#1 /home/thais/workspace/admin/framework/web/CAssetManager.php(217): CAssetManager->getBasePath()
#2 /home/thais/workspace/admin/framework/gii/GiiModule.php(143): CAssetManager->publish('/home/thais/wor...')
#3 /home/thais/workspace/admin/framework/base/CComponent.php(111): GiiModule->getAssetsUrl()
#4 /home/thais/workspace/admin/framework/base/CModule.php(105): CComponent->__get('assetsUrl')
#5 /home/thais/workspace/admin/framework/gii/views/layouts/main.php(5): CModule->__get('assetsUrl')
#6 /home/thais/workspace/admin/framework/web/CBaseController.php(126): require('/home/thais/wor...')
#7 /home/thais/workspace/admin/framework/web/CBaseController.php(95): CBaseController->renderInternal('/home/thais/wor...', Array, true)
#8 /home/thais/workspace/admin/framework/web/widgets/CContentDecorator.php(76): CBaseController->renderFile('/home/thais/wor...', Array, true)
#9 /home/thais/workspace/admin/framework/web/widgets/CContentDecorator.php(54): CContentDecorator->decorate('<div class="con...')
#10 /home/thais/workspace/admin/framework/web/widgets/COutputProcessor.php(44): CContentDecorator->processOutput('<div class="con...')
#11 /home/thais/workspace/admin/framework/web/CBaseController.php(206): COutputProcessor->run()
#12 /home/thais/workspace/admin/framework/web/CBaseController.php(300): CBaseController->endWidget('CContentDecorat...')
#13 /home/thais/workspace/admin/framework/gii/views/layouts/column1.php(7): CBaseController->endContent()
#14 /home/thais/workspace/admin/framework/web/CBaseController.php(126): require('/home/thais/wor...')
#15 /home/thais/workspace/admin/framework/web/CBaseController.php(95): CBaseController->renderInternal('/home/thais/wor...', Array, true)
#16 /home/thais/workspace/admin/framework/web/CController.php(784): CBaseController->renderFile('/home/thais/wor...', Array, true)
#17 /home/thais/workspace/admin/framework/gii/controllers/DefaultController.php(47): CController->render('login', Array)
#18 /home/thais/workspace/admin/framework/web/actions/CInlineAction.php(49): DefaultController->actionLogin()
#19 /home/thais/workspace/admin/framework/web/CController.php(308): CInlineAction->runWithParams(Array)
#20 /home/thais/workspace/admin/framework/web/CController.php(286): CController->runAction(Object(CInlineAction))
#21 /home/thais/workspace/admin/framework/web/CController.php(265): CController->runActionWithFilters(Object(CInlineAction), Array)
#22 /home/thais/workspace/admin/framework/web/CWebApplication.php(282): CController->run('login')
#23 /home/thais/workspace/admin/framework/web/CWebApplication.php(141): CWebApplication->runController('gii/default/log...')
#24 /home/thais/workspace/admin/framework/base/CApplication.php(180): CWebApplication->processRequest()
#25 /home/thais/workspace/admin/index.php(13): CApplication->run()
#26 {main}
REQUEST_URI=/gii/default/login
---
2014/09/13 17:01:24 [error] [exception.CException] exception 'CException' with message 'CAssetManager.basePath "/home/thais/workspace/admin/assets" é inválido. Por favor, tenha certeza que o diretório existe e que o servidor Web possa escrever nele.' in /home/thais/workspace/admin/framework/web/CAssetManager.php:138
Stack trace:
#0 /home/thais/workspace/admin/framework/web/CAssetManager.php(123): CAssetManager->setBasePath('/home/thais/wor...')
#1 /home/thais/workspace/admin/framework/web/CAssetManager.php(217): CAssetManager->getBasePath()
#2 /home/thais/workspace/admin/framework/gii/GiiModule.php(143): CAssetManager->publish('/home/thais/wor...')
#3 /home/thais/workspace/admin/framework/base/CComponent.php(111): GiiModule->getAssetsUrl()
#4 /home/thais/workspace/admin/framework/base/CModule.php(105): CComponent->__get('assetsUrl')
#5 /home/thais/workspace/admin/framework/gii/views/layouts/main.php(5): CModule->__get('assetsUrl')
#6 /home/thais/workspace/admin/framework/web/CBaseController.php(126): require('/home/thais/wor...')
#7 /home/thais/workspace/admin/framework/web/CBaseController.php(95): CBaseController->renderInternal('/home/thais/wor...', Array, true)
#8 /home/thais/workspace/admin/framework/web/widgets/CContentDecorator.php(76): CBaseController->renderFile('/home/thais/wor...', Array, true)
#9 /home/thais/workspace/admin/framework/web/widgets/CContentDecorator.php(54): CContentDecorator->decorate('<div class="con...')
#10 /home/thais/workspace/admin/framework/web/widgets/COutputProcessor.php(44): CContentDecorator->processOutput('<div class="con...')
#11 /home/thais/workspace/admin/framework/web/CBaseController.php(206): COutputProcessor->run()
#12 /home/thais/workspace/admin/framework/web/CBaseController.php(300): CBaseController->endWidget('CContentDecorat...')
#13 /home/thais/workspace/admin/framework/gii/views/layouts/column1.php(7): CBaseController->endContent()
#14 /home/thais/workspace/admin/framework/web/CBaseController.php(126): require('/home/thais/wor...')
#15 /home/thais/workspace/admin/framework/web/CBaseController.php(95): CBaseController->renderInternal('/home/thais/wor...', Array, true)
#16 /home/thais/workspace/admin/framework/web/CController.php(784): CBaseController->renderFile('/home/thais/wor...', Array, true)
#17 /home/thais/workspace/admin/framework/gii/controllers/DefaultController.php(47): CController->render('login', Array)
#18 /home/thais/workspace/admin/framework/web/actions/CInlineAction.php(49): DefaultController->actionLogin()
#19 /home/thais/workspace/admin/framework/web/CController.php(308): CInlineAction->runWithParams(Array)
#20 /home/thais/workspace/admin/framework/web/CController.php(286): CController->runAction(Object(CInlineAction))
#21 /home/thais/workspace/admin/framework/web/CController.php(265): CController->runActionWithFilters(Object(CInlineAction), Array)
#22 /home/thais/workspace/admin/framework/web/CWebApplication.php(282): CController->run('login')
#23 /home/thais/workspace/admin/framework/web/CWebApplication.php(141): CWebApplication->runController('gii/default/log...')
#24 /home/thais/workspace/admin/framework/base/CApplication.php(180): CWebApplication->processRequest()
#25 /home/thais/workspace/admin/index.php(13): CApplication->run()
#26 {main}
REQUEST_URI=/gii/default/login
---
2014/09/13 17:01:27 [error] [exception.CException] exception 'CException' with message 'CAssetManager.basePath "/home/thais/workspace/admin/assets" é inválido. Por favor, tenha certeza que o diretório existe e que o servidor Web possa escrever nele.' in /home/thais/workspace/admin/framework/web/CAssetManager.php:138
Stack trace:
#0 /home/thais/workspace/admin/framework/web/CAssetManager.php(123): CAssetManager->setBasePath('/home/thais/wor...')
#1 /home/thais/workspace/admin/framework/web/CAssetManager.php(217): CAssetManager->getBasePath()
#2 /home/thais/workspace/admin/framework/gii/GiiModule.php(143): CAssetManager->publish('/home/thais/wor...')
#3 /home/thais/workspace/admin/framework/base/CComponent.php(111): GiiModule->getAssetsUrl()
#4 /home/thais/workspace/admin/framework/base/CModule.php(105): CComponent->__get('assetsUrl')
#5 /home/thais/workspace/admin/framework/gii/views/layouts/main.php(5): CModule->__get('assetsUrl')
#6 /home/thais/workspace/admin/framework/web/CBaseController.php(126): require('/home/thais/wor...')
#7 /home/thais/workspace/admin/framework/web/CBaseController.php(95): CBaseController->renderInternal('/home/thais/wor...', Array, true)
#8 /home/thais/workspace/admin/framework/web/widgets/CContentDecorator.php(76): CBaseController->renderFile('/home/thais/wor...', Array, true)
#9 /home/thais/workspace/admin/framework/web/widgets/CContentDecorator.php(54): CContentDecorator->decorate('<div class="con...')
#10 /home/thais/workspace/admin/framework/web/widgets/COutputProcessor.php(44): CContentDecorator->processOutput('<div class="con...')
#11 /home/thais/workspace/admin/framework/web/CBaseController.php(206): COutputProcessor->run()
#12 /home/thais/workspace/admin/framework/web/CBaseController.php(300): CBaseController->endWidget('CContentDecorat...')
#13 /home/thais/workspace/admin/framework/gii/views/layouts/column1.php(7): CBaseController->endContent()
#14 /home/thais/workspace/admin/framework/web/CBaseController.php(126): require('/home/thais/wor...')
#15 /home/thais/workspace/admin/framework/web/CBaseController.php(95): CBaseController->renderInternal('/home/thais/wor...', Array, true)
#16 /home/thais/workspace/admin/framework/web/CController.php(784): CBaseController->renderFile('/home/thais/wor...', Array, true)
#17 /home/thais/workspace/admin/framework/gii/controllers/DefaultController.php(47): CController->render('login', Array)
#18 /home/thais/workspace/admin/framework/web/actions/CInlineAction.php(49): DefaultController->actionLogin()
#19 /home/thais/workspace/admin/framework/web/CController.php(308): CInlineAction->runWithParams(Array)
#20 /home/thais/workspace/admin/framework/web/CController.php(286): CController->runAction(Object(CInlineAction))
#21 /home/thais/workspace/admin/framework/web/CController.php(265): CController->runActionWithFilters(Object(CInlineAction), Array)
#22 /home/thais/workspace/admin/framework/web/CWebApplication.php(282): CController->run('login')
#23 /home/thais/workspace/admin/framework/web/CWebApplication.php(141): CWebApplication->runController('gii/default/log...')
#24 /home/thais/workspace/admin/framework/base/CApplication.php(180): CWebApplication->processRequest()
#25 /home/thais/workspace/admin/index.php(13): CApplication->run()
#26 {main}
REQUEST_URI=/gii/default/login
---
2014/09/13 17:01:42 [error] [exception.CException] exception 'CException' with message 'CAssetManager.basePath "/home/thais/workspace/admin/assets" é inválido. Por favor, tenha certeza que o diretório existe e que o servidor Web possa escrever nele.' in /home/thais/workspace/admin/framework/web/CAssetManager.php:138
Stack trace:
#0 /home/thais/workspace/admin/framework/web/CAssetManager.php(123): CAssetManager->setBasePath('/home/thais/wor...')
#1 /home/thais/workspace/admin/framework/web/CAssetManager.php(217): CAssetManager->getBasePath()
#2 /home/thais/workspace/admin/framework/gii/GiiModule.php(143): CAssetManager->publish('/home/thais/wor...')
#3 /home/thais/workspace/admin/framework/base/CComponent.php(111): GiiModule->getAssetsUrl()
#4 /home/thais/workspace/admin/framework/base/CModule.php(105): CComponent->__get('assetsUrl')
#5 /home/thais/workspace/admin/framework/gii/views/layouts/main.php(5): CModule->__get('assetsUrl')
#6 /home/thais/workspace/admin/framework/web/CBaseController.php(126): require('/home/thais/wor...')
#7 /home/thais/workspace/admin/framework/web/CBaseController.php(95): CBaseController->renderInternal('/home/thais/wor...', Array, true)
#8 /home/thais/workspace/admin/framework/web/widgets/CContentDecorator.php(76): CBaseController->renderFile('/home/thais/wor...', Array, true)
#9 /home/thais/workspace/admin/framework/web/widgets/CContentDecorator.php(54): CContentDecorator->decorate('<div class="con...')
#10 /home/thais/workspace/admin/framework/web/widgets/COutputProcessor.php(44): CContentDecorator->processOutput('<div class="con...')
#11 /home/thais/workspace/admin/framework/web/CBaseController.php(206): COutputProcessor->run()
#12 /home/thais/workspace/admin/framework/web/CBaseController.php(300): CBaseController->endWidget('CContentDecorat...')
#13 /home/thais/workspace/admin/framework/gii/views/layouts/column1.php(7): CBaseController->endContent()
#14 /home/thais/workspace/admin/framework/web/CBaseController.php(126): require('/home/thais/wor...')
#15 /home/thais/workspace/admin/framework/web/CBaseController.php(95): CBaseController->renderInternal('/home/thais/wor...', Array, true)
#16 /home/thais/workspace/admin/framework/web/CController.php(784): CBaseController->renderFile('/home/thais/wor...', Array, true)
#17 /home/thais/workspace/admin/framework/gii/controllers/DefaultController.php(47): CController->render('login', Array)
#18 /home/thais/workspace/admin/framework/web/actions/CInlineAction.php(49): DefaultController->actionLogin()
#19 /home/thais/workspace/admin/framework/web/CController.php(308): CInlineAction->runWithParams(Array)
#20 /home/thais/workspace/admin/framework/web/CController.php(286): CController->runAction(Object(CInlineAction))
#21 /home/thais/workspace/admin/framework/web/CController.php(265): CController->runActionWithFilters(Object(CInlineAction), Array)
#22 /home/thais/workspace/admin/framework/web/CWebApplication.php(282): CController->run('login')
#23 /home/thais/workspace/admin/framework/web/CWebApplication.php(141): CWebApplication->runController('gii/default/log...')
#24 /home/thais/workspace/admin/framework/base/CApplication.php(180): CWebApplication->processRequest()
#25 /home/thais/workspace/admin/index.php(13): CApplication->run()
#26 {main}
REQUEST_URI=/gii/default/login
---
2014/09/13 17:01:43 [error] [exception.CException] exception 'CException' with message 'CAssetManager.basePath "/home/thais/workspace/admin/assets" é inválido. Por favor, tenha certeza que o diretório existe e que o servidor Web possa escrever nele.' in /home/thais/workspace/admin/framework/web/CAssetManager.php:138
Stack trace:
#0 /home/thais/workspace/admin/framework/web/CAssetManager.php(123): CAssetManager->setBasePath('/home/thais/wor...')
#1 /home/thais/workspace/admin/framework/web/CAssetManager.php(217): CAssetManager->getBasePath()
#2 /home/thais/workspace/admin/framework/gii/GiiModule.php(143): CAssetManager->publish('/home/thais/wor...')
#3 /home/thais/workspace/admin/framework/base/CComponent.php(111): GiiModule->getAssetsUrl()
#4 /home/thais/workspace/admin/framework/base/CModule.php(105): CComponent->__get('assetsUrl')
#5 /home/thais/workspace/admin/framework/gii/views/layouts/main.php(5): CModule->__get('assetsUrl')
#6 /home/thais/workspace/admin/framework/web/CBaseController.php(126): require('/home/thais/wor...')
#7 /home/thais/workspace/admin/framework/web/CBaseController.php(95): CBaseController->renderInternal('/home/thais/wor...', Array, true)
#8 /home/thais/workspace/admin/framework/web/widgets/CContentDecorator.php(76): CBaseController->renderFile('/home/thais/wor...', Array, true)
#9 /home/thais/workspace/admin/framework/web/widgets/CContentDecorator.php(54): CContentDecorator->decorate('<div class="con...')
#10 /home/thais/workspace/admin/framework/web/widgets/COutputProcessor.php(44): CContentDecorator->processOutput('<div class="con...')
#11 /home/thais/workspace/admin/framework/web/CBaseController.php(206): COutputProcessor->run()
#12 /home/thais/workspace/admin/framework/web/CBaseController.php(300): CBaseController->endWidget('CContentDecorat...')
#13 /home/thais/workspace/admin/framework/gii/views/layouts/column1.php(7): CBaseController->endContent()
#14 /home/thais/workspace/admin/framework/web/CBaseController.php(126): require('/home/thais/wor...')
#15 /home/thais/workspace/admin/framework/web/CBaseController.php(95): CBaseController->renderInternal('/home/thais/wor...', Array, true)
#16 /home/thais/workspace/admin/framework/web/CController.php(784): CBaseController->renderFile('/home/thais/wor...', Array, true)
#17 /home/thais/workspace/admin/framework/gii/controllers/DefaultController.php(47): CController->render('login', Array)
#18 /home/thais/workspace/admin/framework/web/actions/CInlineAction.php(49): DefaultController->actionLogin()
#19 /home/thais/workspace/admin/framework/web/CController.php(308): CInlineAction->runWithParams(Array)
#20 /home/thais/workspace/admin/framework/web/CController.php(286): CController->runAction(Object(CInlineAction))
#21 /home/thais/workspace/admin/framework/web/CController.php(265): CController->runActionWithFilters(Object(CInlineAction), Array)
#22 /home/thais/workspace/admin/framework/web/CWebApplication.php(282): CController->run('login')
#23 /home/thais/workspace/admin/framework/web/CWebApplication.php(141): CWebApplication->runController('gii/default/log...')
#24 /home/thais/workspace/admin/framework/base/CApplication.php(180): CWebApplication->processRequest()
#25 /home/thais/workspace/admin/index.php(13): CApplication->run()
#26 {main}
REQUEST_URI=/gii/default/login
---
2014/09/13 17:01:43 [error] [exception.CException] exception 'CException' with message 'CAssetManager.basePath "/home/thais/workspace/admin/assets" é inválido. Por favor, tenha certeza que o diretório existe e que o servidor Web possa escrever nele.' in /home/thais/workspace/admin/framework/web/CAssetManager.php:138
Stack trace:
#0 /home/thais/workspace/admin/framework/web/CAssetManager.php(123): CAssetManager->setBasePath('/home/thais/wor...')
#1 /home/thais/workspace/admin/framework/web/CAssetManager.php(217): CAssetManager->getBasePath()
#2 /home/thais/workspace/admin/framework/gii/GiiModule.php(143): CAssetManager->publish('/home/thais/wor...')
#3 /home/thais/workspace/admin/framework/base/CComponent.php(111): GiiModule->getAssetsUrl()
#4 /home/thais/workspace/admin/framework/base/CModule.php(105): CComponent->__get('assetsUrl')
#5 /home/thais/workspace/admin/framework/gii/views/layouts/main.php(5): CModule->__get('assetsUrl')
#6 /home/thais/workspace/admin/framework/web/CBaseController.php(126): require('/home/thais/wor...')
#7 /home/thais/workspace/admin/framework/web/CBaseController.php(95): CBaseController->renderInternal('/home/thais/wor...', Array, true)
#8 /home/thais/workspace/admin/framework/web/widgets/CContentDecorator.php(76): CBaseController->renderFile('/home/thais/wor...', Array, true)
#9 /home/thais/workspace/admin/framework/web/widgets/CContentDecorator.php(54): CContentDecorator->decorate('<div class="con...')
#10 /home/thais/workspace/admin/framework/web/widgets/COutputProcessor.php(44): CContentDecorator->processOutput('<div class="con...')
#11 /home/thais/workspace/admin/framework/web/CBaseController.php(206): COutputProcessor->run()
#12 /home/thais/workspace/admin/framework/web/CBaseController.php(300): CBaseController->endWidget('CContentDecorat...')
#13 /home/thais/workspace/admin/framework/gii/views/layouts/column1.php(7): CBaseController->endContent()
#14 /home/thais/workspace/admin/framework/web/CBaseController.php(126): require('/home/thais/wor...')
#15 /home/thais/workspace/admin/framework/web/CBaseController.php(95): CBaseController->renderInternal('/home/thais/wor...', Array, true)
#16 /home/thais/workspace/admin/framework/web/CController.php(784): CBaseController->renderFile('/home/thais/wor...', Array, true)
#17 /home/thais/workspace/admin/framework/gii/controllers/DefaultController.php(47): CController->render('login', Array)
#18 /home/thais/workspace/admin/framework/web/actions/CInlineAction.php(49): DefaultController->actionLogin()
#19 /home/thais/workspace/admin/framework/web/CController.php(308): CInlineAction->runWithParams(Array)
#20 /home/thais/workspace/admin/framework/web/CController.php(286): CController->runAction(Object(CInlineAction))
#21 /home/thais/workspace/admin/framework/web/CController.php(265): CController->runActionWithFilters(Object(CInlineAction), Array)
#22 /home/thais/workspace/admin/framework/web/CWebApplication.php(282): CController->run('login')
#23 /home/thais/workspace/admin/framework/web/CWebApplication.php(141): CWebApplication->runController('gii/default/log...')
#24 /home/thais/workspace/admin/framework/base/CApplication.php(180): CWebApplication->processRequest()
#25 /home/thais/workspace/admin/index.php(13): CApplication->run()
#26 {main}
REQUEST_URI=/gii/default/login
---
2014/09/13 17:01:45 [error] [exception.CException] exception 'CException' with message 'CAssetManager.basePath "/home/thais/workspace/admin/assets" é inválido. Por favor, tenha certeza que o diretório existe e que o servidor Web possa escrever nele.' in /home/thais/workspace/admin/framework/web/CAssetManager.php:138
Stack trace:
#0 /home/thais/workspace/admin/framework/web/CAssetManager.php(123): CAssetManager->setBasePath('/home/thais/wor...')
#1 /home/thais/workspace/admin/framework/web/CAssetManager.php(217): CAssetManager->getBasePath()
#2 /home/thais/workspace/admin/framework/gii/GiiModule.php(143): CAssetManager->publish('/home/thais/wor...')
#3 /home/thais/workspace/admin/framework/base/CComponent.php(111): GiiModule->getAssetsUrl()
#4 /home/thais/workspace/admin/framework/base/CModule.php(105): CComponent->__get('assetsUrl')
#5 /home/thais/workspace/admin/framework/gii/views/layouts/main.php(5): CModule->__get('assetsUrl')
#6 /home/thais/workspace/admin/framework/web/CBaseController.php(126): require('/home/thais/wor...')
#7 /home/thais/workspace/admin/framework/web/CBaseController.php(95): CBaseController->renderInternal('/home/thais/wor...', Array, true)
#8 /home/thais/workspace/admin/framework/web/widgets/CContentDecorator.php(76): CBaseController->renderFile('/home/thais/wor...', Array, true)
#9 /home/thais/workspace/admin/framework/web/widgets/CContentDecorator.php(54): CContentDecorator->decorate('<div class="con...')
#10 /home/thais/workspace/admin/framework/web/widgets/COutputProcessor.php(44): CContentDecorator->processOutput('<div class="con...')
#11 /home/thais/workspace/admin/framework/web/CBaseController.php(206): COutputProcessor->run()
#12 /home/thais/workspace/admin/framework/web/CBaseController.php(300): CBaseController->endWidget('CContentDecorat...')
#13 /home/thais/workspace/admin/framework/gii/views/layouts/column1.php(7): CBaseController->endContent()
#14 /home/thais/workspace/admin/framework/web/CBaseController.php(126): require('/home/thais/wor...')
#15 /home/thais/workspace/admin/framework/web/CBaseController.php(95): CBaseController->renderInternal('/home/thais/wor...', Array, true)
#16 /home/thais/workspace/admin/framework/web/CController.php(784): CBaseController->renderFile('/home/thais/wor...', Array, true)
#17 /home/thais/workspace/admin/framework/gii/controllers/DefaultController.php(47): CController->render('login', Array)
#18 /home/thais/workspace/admin/framework/web/actions/CInlineAction.php(49): DefaultController->actionLogin()
#19 /home/thais/workspace/admin/framework/web/CController.php(308): CInlineAction->runWithParams(Array)
#20 /home/thais/workspace/admin/framework/web/CController.php(286): CController->runAction(Object(CInlineAction))
#21 /home/thais/workspace/admin/framework/web/CController.php(265): CController->runActionWithFilters(Object(CInlineAction), Array)
#22 /home/thais/workspace/admin/framework/web/CWebApplication.php(282): CController->run('login')
#23 /home/thais/workspace/admin/framework/web/CWebApplication.php(141): CWebApplication->runController('gii/default/log...')
#24 /home/thais/workspace/admin/framework/base/CApplication.php(180): CWebApplication->processRequest()
#25 /home/thais/workspace/admin/index.php(13): CApplication->run()
#26 {main}
REQUEST_URI=/gii/default/login
---
2014/09/13 17:01:54 [error] [exception.CException] exception 'CException' with message 'CAssetManager.basePath "/home/thais/workspace/admin/assets" é inválido. Por favor, tenha certeza que o diretório existe e que o servidor Web possa escrever nele.' in /home/thais/workspace/admin/framework/web/CAssetManager.php:138
Stack trace:
#0 /home/thais/workspace/admin/framework/web/CAssetManager.php(123): CAssetManager->setBasePath('/home/thais/wor...')
#1 /home/thais/workspace/admin/framework/web/CAssetManager.php(217): CAssetManager->getBasePath()
#2 /home/thais/workspace/admin/framework/gii/GiiModule.php(143): CAssetManager->publish('/home/thais/wor...')
#3 /home/thais/workspace/admin/framework/base/CComponent.php(111): GiiModule->getAssetsUrl()
#4 /home/thais/workspace/admin/framework/base/CModule.php(105): CComponent->__get('assetsUrl')
#5 /home/thais/workspace/admin/framework/gii/views/layouts/main.php(5): CModule->__get('assetsUrl')
#6 /home/thais/workspace/admin/framework/web/CBaseController.php(126): require('/home/thais/wor...')
#7 /home/thais/workspace/admin/framework/web/CBaseController.php(95): CBaseController->renderInternal('/home/thais/wor...', Array, true)
#8 /home/thais/workspace/admin/framework/web/widgets/CContentDecorator.php(76): CBaseController->renderFile('/home/thais/wor...', Array, true)
#9 /home/thais/workspace/admin/framework/web/widgets/CContentDecorator.php(54): CContentDecorator->decorate('<div class="con...')
#10 /home/thais/workspace/admin/framework/web/widgets/COutputProcessor.php(44): CContentDecorator->processOutput('<div class="con...')
#11 /home/thais/workspace/admin/framework/web/CBaseController.php(206): COutputProcessor->run()
#12 /home/thais/workspace/admin/framework/web/CBaseController.php(300): CBaseController->endWidget('CContentDecorat...')
#13 /home/thais/workspace/admin/framework/gii/views/layouts/column1.php(7): CBaseController->endContent()
#14 /home/thais/workspace/admin/framework/web/CBaseController.php(126): require('/home/thais/wor...')
#15 /home/thais/workspace/admin/framework/web/CBaseController.php(95): CBaseController->renderInternal('/home/thais/wor...', Array, true)
#16 /home/thais/workspace/admin/framework/web/CController.php(784): CBaseController->renderFile('/home/thais/wor...', Array, true)
#17 /home/thais/workspace/admin/framework/gii/controllers/DefaultController.php(47): CController->render('login', Array)
#18 /home/thais/workspace/admin/framework/web/actions/CInlineAction.php(49): DefaultController->actionLogin()
#19 /home/thais/workspace/admin/framework/web/CController.php(308): CInlineAction->runWithParams(Array)
#20 /home/thais/workspace/admin/framework/web/CController.php(286): CController->runAction(Object(CInlineAction))
#21 /home/thais/workspace/admin/framework/web/CController.php(265): CController->runActionWithFilters(Object(CInlineAction), Array)
#22 /home/thais/workspace/admin/framework/web/CWebApplication.php(282): CController->run('login')
#23 /home/thais/workspace/admin/framework/web/CWebApplication.php(141): CWebApplication->runController('gii/default/log...')
#24 /home/thais/workspace/admin/framework/base/CApplication.php(180): CWebApplication->processRequest()
#25 /home/thais/workspace/admin/index.php(13): CApplication->run()
#26 {main}
REQUEST_URI=/gii/default/login
---
2014/09/13 17:01:57 [error] [exception.CException] exception 'CException' with message 'CAssetManager.basePath "/home/thais/workspace/admin/assets" é inválido. Por favor, tenha certeza que o diretório existe e que o servidor Web possa escrever nele.' in /home/thais/workspace/admin/framework/web/CAssetManager.php:138
Stack trace:
#0 /home/thais/workspace/admin/framework/web/CAssetManager.php(123): CAssetManager->setBasePath('/home/thais/wor...')
#1 /home/thais/workspace/admin/framework/web/CAssetManager.php(217): CAssetManager->getBasePath()
#2 /home/thais/workspace/admin/framework/gii/GiiModule.php(143): CAssetManager->publish('/home/thais/wor...')
#3 /home/thais/workspace/admin/framework/base/CComponent.php(111): GiiModule->getAssetsUrl()
#4 /home/thais/workspace/admin/framework/base/CModule.php(105): CComponent->__get('assetsUrl')
#5 /home/thais/workspace/admin/framework/gii/views/layouts/main.php(5): CModule->__get('assetsUrl')
#6 /home/thais/workspace/admin/framework/web/CBaseController.php(126): require('/home/thais/wor...')
#7 /home/thais/workspace/admin/framework/web/CBaseController.php(95): CBaseController->renderInternal('/home/thais/wor...', Array, true)
#8 /home/thais/workspace/admin/framework/web/widgets/CContentDecorator.php(76): CBaseController->renderFile('/home/thais/wor...', Array, true)
#9 /home/thais/workspace/admin/framework/web/widgets/CContentDecorator.php(54): CContentDecorator->decorate('<div class="con...')
#10 /home/thais/workspace/admin/framework/web/widgets/COutputProcessor.php(44): CContentDecorator->processOutput('<div class="con...')
#11 /home/thais/workspace/admin/framework/web/CBaseController.php(206): COutputProcessor->run()
#12 /home/thais/workspace/admin/framework/web/CBaseController.php(300): CBaseController->endWidget('CContentDecorat...')
#13 /home/thais/workspace/admin/framework/gii/views/layouts/column1.php(7): CBaseController->endContent()
#14 /home/thais/workspace/admin/framework/web/CBaseController.php(126): require('/home/thais/wor...')
#15 /home/thais/workspace/admin/framework/web/CBaseController.php(95): CBaseController->renderInternal('/home/thais/wor...', Array, true)
#16 /home/thais/workspace/admin/framework/web/CController.php(784): CBaseController->renderFile('/home/thais/wor...', Array, true)
#17 /home/thais/workspace/admin/framework/gii/controllers/DefaultController.php(47): CController->render('login', Array)
#18 /home/thais/workspace/admin/framework/web/actions/CInlineAction.php(49): DefaultController->actionLogin()
#19 /home/thais/workspace/admin/framework/web/CController.php(308): CInlineAction->runWithParams(Array)
#20 /home/thais/workspace/admin/framework/web/CController.php(286): CController->runAction(Object(CInlineAction))
#21 /home/thais/workspace/admin/framework/web/CController.php(265): CController->runActionWithFilters(Object(CInlineAction), Array)
#22 /home/thais/workspace/admin/framework/web/CWebApplication.php(282): CController->run('login')
#23 /home/thais/workspace/admin/framework/web/CWebApplication.php(141): CWebApplication->runController('gii/default/log...')
#24 /home/thais/workspace/admin/framework/base/CApplication.php(180): CWebApplication->processRequest()
#25 /home/thais/workspace/admin/index.php(13): CApplication->run()
#26 {main}
REQUEST_URI=/gii/default/login
---
2014/09/13 17:02:46 [error] [exception.CException] exception 'CException' with message 'CAssetManager.basePath "/home/thais/workspace/admin/assets" é inválido. Por favor, tenha certeza que o diretório existe e que o servidor Web possa escrever nele.' in /home/thais/workspace/admin/framework/web/CAssetManager.php:138
Stack trace:
#0 /home/thais/workspace/admin/framework/web/CAssetManager.php(123): CAssetManager->setBasePath('/home/thais/wor...')
#1 /home/thais/workspace/admin/framework/web/CAssetManager.php(217): CAssetManager->getBasePath()
#2 /home/thais/workspace/admin/framework/gii/GiiModule.php(143): CAssetManager->publish('/home/thais/wor...')
#3 /home/thais/workspace/admin/framework/base/CComponent.php(111): GiiModule->getAssetsUrl()
#4 /home/thais/workspace/admin/framework/base/CModule.php(105): CComponent->__get('assetsUrl')
#5 /home/thais/workspace/admin/framework/gii/views/layouts/main.php(5): CModule->__get('assetsUrl')
#6 /home/thais/workspace/admin/framework/web/CBaseController.php(126): require('/home/thais/wor...')
#7 /home/thais/workspace/admin/framework/web/CBaseController.php(95): CBaseController->renderInternal('/home/thais/wor...', Array, true)
#8 /home/thais/workspace/admin/framework/web/widgets/CContentDecorator.php(76): CBaseController->renderFile('/home/thais/wor...', Array, true)
#9 /home/thais/workspace/admin/framework/web/widgets/CContentDecorator.php(54): CContentDecorator->decorate('<div class="con...')
#10 /home/thais/workspace/admin/framework/web/widgets/COutputProcessor.php(44): CContentDecorator->processOutput('<div class="con...')
#11 /home/thais/workspace/admin/framework/web/CBaseController.php(206): COutputProcessor->run()
#12 /home/thais/workspace/admin/framework/web/CBaseController.php(300): CBaseController->endWidget('CContentDecorat...')
#13 /home/thais/workspace/admin/framework/gii/views/layouts/column1.php(7): CBaseController->endContent()
#14 /home/thais/workspace/admin/framework/web/CBaseController.php(126): require('/home/thais/wor...')
#15 /home/thais/workspace/admin/framework/web/CBaseController.php(95): CBaseController->renderInternal('/home/thais/wor...', Array, true)
#16 /home/thais/workspace/admin/framework/web/CController.php(784): CBaseController->renderFile('/home/thais/wor...', Array, true)
#17 /home/thais/workspace/admin/framework/gii/controllers/DefaultController.php(47): CController->render('login', Array)
#18 /home/thais/workspace/admin/framework/web/actions/CInlineAction.php(49): DefaultController->actionLogin()
#19 /home/thais/workspace/admin/framework/web/CController.php(308): CInlineAction->runWithParams(Array)
#20 /home/thais/workspace/admin/framework/web/CController.php(286): CController->runAction(Object(CInlineAction))
#21 /home/thais/workspace/admin/framework/web/CController.php(265): CController->runActionWithFilters(Object(CInlineAction), Array)
#22 /home/thais/workspace/admin/framework/web/CWebApplication.php(282): CController->run('login')
#23 /home/thais/workspace/admin/framework/web/CWebApplication.php(141): CWebApplication->runController('gii/default/log...')
#24 /home/thais/workspace/admin/framework/base/CApplication.php(180): CWebApplication->processRequest()
#25 /home/thais/workspace/admin/index.php(13): CApplication->run()
#26 {main}
REQUEST_URI=/gii/default/login
---
2014/09/13 17:02:47 [error] [exception.CException] exception 'CException' with message 'CAssetManager.basePath "/home/thais/workspace/admin/assets" é inválido. Por favor, tenha certeza que o diretório existe e que o servidor Web possa escrever nele.' in /home/thais/workspace/admin/framework/web/CAssetManager.php:138
Stack trace:
#0 /home/thais/workspace/admin/framework/web/CAssetManager.php(123): CAssetManager->setBasePath('/home/thais/wor...')
#1 /home/thais/workspace/admin/framework/web/CAssetManager.php(217): CAssetManager->getBasePath()
#2 /home/thais/workspace/admin/framework/gii/GiiModule.php(143): CAssetManager->publish('/home/thais/wor...')
#3 /home/thais/workspace/admin/framework/base/CComponent.php(111): GiiModule->getAssetsUrl()
#4 /home/thais/workspace/admin/framework/base/CModule.php(105): CComponent->__get('assetsUrl')
#5 /home/thais/workspace/admin/framework/gii/views/layouts/main.php(5): CModule->__get('assetsUrl')
#6 /home/thais/workspace/admin/framework/web/CBaseController.php(126): require('/home/thais/wor...')
#7 /home/thais/workspace/admin/framework/web/CBaseController.php(95): CBaseController->renderInternal('/home/thais/wor...', Array, true)
#8 /home/thais/workspace/admin/framework/web/widgets/CContentDecorator.php(76): CBaseController->renderFile('/home/thais/wor...', Array, true)
#9 /home/thais/workspace/admin/framework/web/widgets/CContentDecorator.php(54): CContentDecorator->decorate('<div class="con...')
#10 /home/thais/workspace/admin/framework/web/widgets/COutputProcessor.php(44): CContentDecorator->processOutput('<div class="con...')
#11 /home/thais/workspace/admin/framework/web/CBaseController.php(206): COutputProcessor->run()
#12 /home/thais/workspace/admin/framework/web/CBaseController.php(300): CBaseController->endWidget('CContentDecorat...')
#13 /home/thais/workspace/admin/framework/gii/views/layouts/column1.php(7): CBaseController->endContent()
#14 /home/thais/workspace/admin/framework/web/CBaseController.php(126): require('/home/thais/wor...')
#15 /home/thais/workspace/admin/framework/web/CBaseController.php(95): CBaseController->renderInternal('/home/thais/wor...', Array, true)
#16 /home/thais/workspace/admin/framework/web/CController.php(784): CBaseController->renderFile('/home/thais/wor...', Array, true)
#17 /home/thais/workspace/admin/framework/gii/controllers/DefaultController.php(47): CController->render('login', Array)
#18 /home/thais/workspace/admin/framework/web/actions/CInlineAction.php(49): DefaultController->actionLogin()
#19 /home/thais/workspace/admin/framework/web/CController.php(308): CInlineAction->runWithParams(Array)
#20 /home/thais/workspace/admin/framework/web/CController.php(286): CController->runAction(Object(CInlineAction))
#21 /home/thais/workspace/admin/framework/web/CController.php(265): CController->runActionWithFilters(Object(CInlineAction), Array)
#22 /home/thais/workspace/admin/framework/web/CWebApplication.php(282): CController->run('login')
#23 /home/thais/workspace/admin/framework/web/CWebApplication.php(141): CWebApplication->runController('gii/default/log...')
#24 /home/thais/workspace/admin/framework/base/CApplication.php(180): CWebApplication->processRequest()
#25 /home/thais/workspace/admin/index.php(13): CApplication->run()
#26 {main}
REQUEST_URI=/gii/default/login
---
2014/09/13 17:03:02 [error] [exception.CException] exception 'CException' with message 'CAssetManager.basePath "/home/thais/workspace/admin/assets" é inválido. Por favor, tenha certeza que o diretório existe e que o servidor Web possa escrever nele.' in /home/thais/workspace/admin/framework/web/CAssetManager.php:138
Stack trace:
#0 /home/thais/workspace/admin/framework/web/CAssetManager.php(123): CAssetManager->setBasePath('/home/thais/wor...')
#1 /home/thais/workspace/admin/framework/web/CAssetManager.php(217): CAssetManager->getBasePath()
#2 /home/thais/workspace/admin/framework/gii/GiiModule.php(143): CAssetManager->publish('/home/thais/wor...')
#3 /home/thais/workspace/admin/framework/base/CComponent.php(111): GiiModule->getAssetsUrl()
#4 /home/thais/workspace/admin/framework/base/CModule.php(105): CComponent->__get('assetsUrl')
#5 /home/thais/workspace/admin/framework/gii/views/layouts/main.php(5): CModule->__get('assetsUrl')
#6 /home/thais/workspace/admin/framework/web/CBaseController.php(126): require('/home/thais/wor...')
#7 /home/thais/workspace/admin/framework/web/CBaseController.php(95): CBaseController->renderInternal('/home/thais/wor...', Array, true)
#8 /home/thais/workspace/admin/framework/web/widgets/CContentDecorator.php(76): CBaseController->renderFile('/home/thais/wor...', Array, true)
#9 /home/thais/workspace/admin/framework/web/widgets/CContentDecorator.php(54): CContentDecorator->decorate('<div class="con...')
#10 /home/thais/workspace/admin/framework/web/widgets/COutputProcessor.php(44): CContentDecorator->processOutput('<div class="con...')
#11 /home/thais/workspace/admin/framework/web/CBaseController.php(206): COutputProcessor->run()
#12 /home/thais/workspace/admin/framework/web/CBaseController.php(300): CBaseController->endWidget('CContentDecorat...')
#13 /home/thais/workspace/admin/framework/gii/views/layouts/column1.php(7): CBaseController->endContent()
#14 /home/thais/workspace/admin/framework/web/CBaseController.php(126): require('/home/thais/wor...')
#15 /home/thais/workspace/admin/framework/web/CBaseController.php(95): CBaseController->renderInternal('/home/thais/wor...', Array, true)
#16 /home/thais/workspace/admin/framework/web/CController.php(784): CBaseController->renderFile('/home/thais/wor...', Array, true)
#17 /home/thais/workspace/admin/framework/gii/controllers/DefaultController.php(47): CController->render('login', Array)
#18 /home/thais/workspace/admin/framework/web/actions/CInlineAction.php(49): DefaultController->actionLogin()
#19 /home/thais/workspace/admin/framework/web/CController.php(308): CInlineAction->runWithParams(Array)
#20 /home/thais/workspace/admin/framework/web/CController.php(286): CController->runAction(Object(CInlineAction))
#21 /home/thais/workspace/admin/framework/web/CController.php(265): CController->runActionWithFilters(Object(CInlineAction), Array)
#22 /home/thais/workspace/admin/framework/web/CWebApplication.php(282): CController->run('login')
#23 /home/thais/workspace/admin/framework/web/CWebApplication.php(141): CWebApplication->runController('gii/default/log...')
#24 /home/thais/workspace/admin/framework/base/CApplication.php(180): CWebApplication->processRequest()
#25 /home/thais/workspace/admin/index.php(13): CApplication->run()
#26 {main}
REQUEST_URI=/gii/default/login
---
2014/09/13 17:03:03 [error] [exception.CException] exception 'CException' with message 'CAssetManager.basePath "/home/thais/workspace/admin/assets" é inválido. Por favor, tenha certeza que o diretório existe e que o servidor Web possa escrever nele.' in /home/thais/workspace/admin/framework/web/CAssetManager.php:138
Stack trace:
#0 /home/thais/workspace/admin/framework/web/CAssetManager.php(123): CAssetManager->setBasePath('/home/thais/wor...')
#1 /home/thais/workspace/admin/framework/web/CAssetManager.php(217): CAssetManager->getBasePath()
#2 /home/thais/workspace/admin/framework/gii/GiiModule.php(143): CAssetManager->publish('/home/thais/wor...')
#3 /home/thais/workspace/admin/framework/base/CComponent.php(111): GiiModule->getAssetsUrl()
#4 /home/thais/workspace/admin/framework/base/CModule.php(105): CComponent->__get('assetsUrl')
#5 /home/thais/workspace/admin/framework/gii/views/layouts/main.php(5): CModule->__get('assetsUrl')
#6 /home/thais/workspace/admin/framework/web/CBaseController.php(126): require('/home/thais/wor...')
#7 /home/thais/workspace/admin/framework/web/CBaseController.php(95): CBaseController->renderInternal('/home/thais/wor...', Array, true)
#8 /home/thais/workspace/admin/framework/web/widgets/CContentDecorator.php(76): CBaseController->renderFile('/home/thais/wor...', Array, true)
#9 /home/thais/workspace/admin/framework/web/widgets/CContentDecorator.php(54): CContentDecorator->decorate('<div class="con...')
#10 /home/thais/workspace/admin/framework/web/widgets/COutputProcessor.php(44): CContentDecorator->processOutput('<div class="con...')
#11 /home/thais/workspace/admin/framework/web/CBaseController.php(206): COutputProcessor->run()
#12 /home/thais/workspace/admin/framework/web/CBaseController.php(300): CBaseController->endWidget('CContentDecorat...')
#13 /home/thais/workspace/admin/framework/gii/views/layouts/column1.php(7): CBaseController->endContent()
#14 /home/thais/workspace/admin/framework/web/CBaseController.php(126): require('/home/thais/wor...')
#15 /home/thais/workspace/admin/framework/web/CBaseController.php(95): CBaseController->renderInternal('/home/thais/wor...', Array, true)
#16 /home/thais/workspace/admin/framework/web/CController.php(784): CBaseController->renderFile('/home/thais/wor...', Array, true)
#17 /home/thais/workspace/admin/framework/gii/controllers/DefaultController.php(47): CController->render('login', Array)
#18 /home/thais/workspace/admin/framework/web/actions/CInlineAction.php(49): DefaultController->actionLogin()
#19 /home/thais/workspace/admin/framework/web/CController.php(308): CInlineAction->runWithParams(Array)
#20 /home/thais/workspace/admin/framework/web/CController.php(286): CController->runAction(Object(CInlineAction))
#21 /home/thais/workspace/admin/framework/web/CController.php(265): CController->runActionWithFilters(Object(CInlineAction), Array)
#22 /home/thais/workspace/admin/framework/web/CWebApplication.php(282): CController->run('login')
#23 /home/thais/workspace/admin/framework/web/CWebApplication.php(141): CWebApplication->runController('gii/default/log...')
#24 /home/thais/workspace/admin/framework/base/CApplication.php(180): CWebApplication->processRequest()
#25 /home/thais/workspace/admin/index.php(13): CApplication->run()
#26 {main}
REQUEST_URI=/gii/default/login
---
2014/09/13 17:03:03 [error] [exception.CException] exception 'CException' with message 'CAssetManager.basePath "/home/thais/workspace/admin/assets" é inválido. Por favor, tenha certeza que o diretório existe e que o servidor Web possa escrever nele.' in /home/thais/workspace/admin/framework/web/CAssetManager.php:138
Stack trace:
#0 /home/thais/workspace/admin/framework/web/CAssetManager.php(123): CAssetManager->setBasePath('/home/thais/wor...')
#1 /home/thais/workspace/admin/framework/web/CAssetManager.php(217): CAssetManager->getBasePath()
#2 /home/thais/workspace/admin/framework/gii/GiiModule.php(143): CAssetManager->publish('/home/thais/wor...')
#3 /home/thais/workspace/admin/framework/base/CComponent.php(111): GiiModule->getAssetsUrl()
#4 /home/thais/workspace/admin/framework/base/CModule.php(105): CComponent->__get('assetsUrl')
#5 /home/thais/workspace/admin/framework/gii/views/layouts/main.php(5): CModule->__get('assetsUrl')
#6 /home/thais/workspace/admin/framework/web/CBaseController.php(126): require('/home/thais/wor...')
#7 /home/thais/workspace/admin/framework/web/CBaseController.php(95): CBaseController->renderInternal('/home/thais/wor...', Array, true)
#8 /home/thais/workspace/admin/framework/web/widgets/CContentDecorator.php(76): CBaseController->renderFile('/home/thais/wor...', Array, true)
#9 /home/thais/workspace/admin/framework/web/widgets/CContentDecorator.php(54): CContentDecorator->decorate('<div class="con...')
#10 /home/thais/workspace/admin/framework/web/widgets/COutputProcessor.php(44): CContentDecorator->processOutput('<div class="con...')
#11 /home/thais/workspace/admin/framework/web/CBaseController.php(206): COutputProcessor->run()
#12 /home/thais/workspace/admin/framework/web/CBaseController.php(300): CBaseController->endWidget('CContentDecorat...')
#13 /home/thais/workspace/admin/framework/gii/views/layouts/column1.php(7): CBaseController->endContent()
#14 /home/thais/workspace/admin/framework/web/CBaseController.php(126): require('/home/thais/wor...')
#15 /home/thais/workspace/admin/framework/web/CBaseController.php(95): CBaseController->renderInternal('/home/thais/wor...', Array, true)
#16 /home/thais/workspace/admin/framework/web/CController.php(784): CBaseController->renderFile('/home/thais/wor...', Array, true)
#17 /home/thais/workspace/admin/framework/gii/controllers/DefaultController.php(47): CController->render('login', Array)
#18 /home/thais/workspace/admin/framework/web/actions/CInlineAction.php(49): DefaultController->actionLogin()
#19 /home/thais/workspace/admin/framework/web/CController.php(308): CInlineAction->runWithParams(Array)
#20 /home/thais/workspace/admin/framework/web/CController.php(286): CController->runAction(Object(CInlineAction))
#21 /home/thais/workspace/admin/framework/web/CController.php(265): CController->runActionWithFilters(Object(CInlineAction), Array)
#22 /home/thais/workspace/admin/framework/web/CWebApplication.php(282): CController->run('login')
#23 /home/thais/workspace/admin/framework/web/CWebApplication.php(141): CWebApplication->runController('gii/default/log...')
#24 /home/thais/workspace/admin/framework/base/CApplication.php(180): CWebApplication->processRequest()
#25 /home/thais/workspace/admin/index.php(13): CApplication->run()
#26 {main}
REQUEST_URI=/gii/default/login
---
2014/09/13 17:03:03 [error] [exception.CException] exception 'CException' with message 'CAssetManager.basePath "/home/thais/workspace/admin/assets" é inválido. Por favor, tenha certeza que o diretório existe e que o servidor Web possa escrever nele.' in /home/thais/workspace/admin/framework/web/CAssetManager.php:138
Stack trace:
#0 /home/thais/workspace/admin/framework/web/CAssetManager.php(123): CAssetManager->setBasePath('/home/thais/wor...')
#1 /home/thais/workspace/admin/framework/web/CAssetManager.php(217): CAssetManager->getBasePath()
#2 /home/thais/workspace/admin/framework/gii/GiiModule.php(143): CAssetManager->publish('/home/thais/wor...')
#3 /home/thais/workspace/admin/framework/base/CComponent.php(111): GiiModule->getAssetsUrl()
#4 /home/thais/workspace/admin/framework/base/CModule.php(105): CComponent->__get('assetsUrl')
#5 /home/thais/workspace/admin/framework/gii/views/layouts/main.php(5): CModule->__get('assetsUrl')
#6 /home/thais/workspace/admin/framework/web/CBaseController.php(126): require('/home/thais/wor...')
#7 /home/thais/workspace/admin/framework/web/CBaseController.php(95): CBaseController->renderInternal('/home/thais/wor...', Array, true)
#8 /home/thais/workspace/admin/framework/web/widgets/CContentDecorator.php(76): CBaseController->renderFile('/home/thais/wor...', Array, true)
#9 /home/thais/workspace/admin/framework/web/widgets/CContentDecorator.php(54): CContentDecorator->decorate('<div class="con...')
#10 /home/thais/workspace/admin/framework/web/widgets/COutputProcessor.php(44): CContentDecorator->processOutput('<div class="con...')
#11 /home/thais/workspace/admin/framework/web/CBaseController.php(206): COutputProcessor->run()
#12 /home/thais/workspace/admin/framework/web/CBaseController.php(300): CBaseController->endWidget('CContentDecorat...')
#13 /home/thais/workspace/admin/framework/gii/views/layouts/column1.php(7): CBaseController->endContent()
#14 /home/thais/workspace/admin/framework/web/CBaseController.php(126): require('/home/thais/wor...')
#15 /home/thais/workspace/admin/framework/web/CBaseController.php(95): CBaseController->renderInternal('/home/thais/wor...', Array, true)
#16 /home/thais/workspace/admin/framework/web/CController.php(784): CBaseController->renderFile('/home/thais/wor...', Array, true)
#17 /home/thais/workspace/admin/framework/gii/controllers/DefaultController.php(47): CController->render('login', Array)
#18 /home/thais/workspace/admin/framework/web/actions/CInlineAction.php(49): DefaultController->actionLogin()
#19 /home/thais/workspace/admin/framework/web/CController.php(308): CInlineAction->runWithParams(Array)
#20 /home/thais/workspace/admin/framework/web/CController.php(286): CController->runAction(Object(CInlineAction))
#21 /home/thais/workspace/admin/framework/web/CController.php(265): CController->runActionWithFilters(Object(CInlineAction), Array)
#22 /home/thais/workspace/admin/framework/web/CWebApplication.php(282): CController->run('login')
#23 /home/thais/workspace/admin/framework/web/CWebApplication.php(141): CWebApplication->runController('gii/default/log...')
#24 /home/thais/workspace/admin/framework/base/CApplication.php(180): CWebApplication->processRequest()
#25 /home/thais/workspace/admin/index.php(13): CApplication->run()
#26 {main}
REQUEST_URI=/gii/default/login
---
2014/09/13 17:03:04 [error] [exception.CException] exception 'CException' with message 'CAssetManager.basePath "/home/thais/workspace/admin/assets" é inválido. Por favor, tenha certeza que o diretório existe e que o servidor Web possa escrever nele.' in /home/thais/workspace/admin/framework/web/CAssetManager.php:138
Stack trace:
#0 /home/thais/workspace/admin/framework/web/CAssetManager.php(123): CAssetManager->setBasePath('/home/thais/wor...')
#1 /home/thais/workspace/admin/framework/web/CAssetManager.php(217): CAssetManager->getBasePath()
#2 /home/thais/workspace/admin/framework/gii/GiiModule.php(143): CAssetManager->publish('/home/thais/wor...')
#3 /home/thais/workspace/admin/framework/base/CComponent.php(111): GiiModule->getAssetsUrl()
#4 /home/thais/workspace/admin/framework/base/CModule.php(105): CComponent->__get('assetsUrl')
#5 /home/thais/workspace/admin/framework/gii/views/layouts/main.php(5): CModule->__get('assetsUrl')
#6 /home/thais/workspace/admin/framework/web/CBaseController.php(126): require('/home/thais/wor...')
#7 /home/thais/workspace/admin/framework/web/CBaseController.php(95): CBaseController->renderInternal('/home/thais/wor...', Array, true)
#8 /home/thais/workspace/admin/framework/web/widgets/CContentDecorator.php(76): CBaseController->renderFile('/home/thais/wor...', Array, true)
#9 /home/thais/workspace/admin/framework/web/widgets/CContentDecorator.php(54): CContentDecorator->decorate('<div class="con...')
#10 /home/thais/workspace/admin/framework/web/widgets/COutputProcessor.php(44): CContentDecorator->processOutput('<div class="con...')
#11 /home/thais/workspace/admin/framework/web/CBaseController.php(206): COutputProcessor->run()
#12 /home/thais/workspace/admin/framework/web/CBaseController.php(300): CBaseController->endWidget('CContentDecorat...')
#13 /home/thais/workspace/admin/framework/gii/views/layouts/column1.php(7): CBaseController->endContent()
#14 /home/thais/workspace/admin/framework/web/CBaseController.php(126): require('/home/thais/wor...')
#15 /home/thais/workspace/admin/framework/web/CBaseController.php(95): CBaseController->renderInternal('/home/thais/wor...', Array, true)
#16 /home/thais/workspace/admin/framework/web/CController.php(784): CBaseController->renderFile('/home/thais/wor...', Array, true)
#17 /home/thais/workspace/admin/framework/gii/controllers/DefaultController.php(47): CController->render('login', Array)
#18 /home/thais/workspace/admin/framework/web/actions/CInlineAction.php(49): DefaultController->actionLogin()
#19 /home/thais/workspace/admin/framework/web/CController.php(308): CInlineAction->runWithParams(Array)
#20 /home/thais/workspace/admin/framework/web/CController.php(286): CController->runAction(Object(CInlineAction))
#21 /home/thais/workspace/admin/framework/web/CController.php(265): CController->runActionWithFilters(Object(CInlineAction), Array)
#22 /home/thais/workspace/admin/framework/web/CWebApplication.php(282): CController->run('login')
#23 /home/thais/workspace/admin/framework/web/CWebApplication.php(141): CWebApplication->runController('gii/default/log...')
#24 /home/thais/workspace/admin/framework/base/CApplication.php(180): CWebApplication->processRequest()
#25 /home/thais/workspace/admin/index.php(13): CApplication->run()
#26 {main}
REQUEST_URI=/gii/default/login
---
2014/09/13 17:12:23 [error] [exception.CHttpException.404] exception 'CHttpException' with message 'Não foi possível resolver a requisição "clientes/default/index".' in /home/thais/workspace/admin/framework/web/CWebApplication.php:286
Stack trace:
#0 /home/thais/workspace/admin/framework/web/CWebApplication.php(141): CWebApplication->runController('clientes/defaul...')
#1 /home/thais/workspace/admin/framework/base/CApplication.php(180): CWebApplication->processRequest()
#2 /home/thais/workspace/admin/index.php(13): CApplication->run()
#3 {main}
REQUEST_URI=/clientes
---
2014/09/13 17:17:18 [error] [exception.CHttpException.404] exception 'CHttpException' with message 'O sistema não foi capaz de encontrar a ação "index.html" solicitada.' in /home/thais/workspace/admin/framework/web/CController.php:483
Stack trace:
#0 /home/thais/workspace/admin/framework/web/CController.php(270): CController->missingAction('index.html')
#1 /home/thais/workspace/admin/framework/web/CWebApplication.php(282): CController->run('index.html')
#2 /home/thais/workspace/admin/framework/web/CWebApplication.php(141): CWebApplication->runController('admin/default/i...')
#3 /home/thais/workspace/admin/framework/base/CApplication.php(180): CWebApplication->processRequest()
#4 /home/thais/workspace/admin/index.php(13): CApplication->run()
#5 {main}
REQUEST_URI=/admin/default/index.html
HTTP_REFERER=http://localhost/admin/default/login
---
2014/09/13 17:18:19 [error] [exception.CHttpException.404] exception 'CHttpException' with message 'O sistema não foi capaz de encontrar a ação "index.html" solicitada.' in /home/thais/workspace/admin/framework/web/CController.php:483
Stack trace:
#0 /home/thais/workspace/admin/framework/web/CController.php(270): CController->missingAction('index.html')
#1 /home/thais/workspace/admin/framework/web/CWebApplication.php(282): CController->run('index.html')
#2 /home/thais/workspace/admin/framework/web/CWebApplication.php(141): CWebApplication->runController('admin/default/i...')
#3 /home/thais/workspace/admin/framework/base/CApplication.php(180): CWebApplication->processRequest()
#4 /home/thais/workspace/admin/index.php(13): CApplication->run()
#5 {main}
REQUEST_URI=/admin/default/index.html
HTTP_REFERER=http://localhost/admin/default/login
---
2014/09/13 17:22:26 [error] [php] Undefined variable: model (/home/thais/workspace/admin/protected/modules/admin/views/default/login.php:15)
Stack trace:
#0 /home/thais/workspace/admin/framework/web/CController.php(869): DefaultController->renderFile()
#1 /home/thais/workspace/admin/framework/web/CController.php(782): DefaultController->renderPartial()
#2 /home/thais/workspace/admin/protected/modules/admin/controllers/DefaultController.php(13): DefaultController->render()
#3 /home/thais/workspace/admin/framework/web/actions/CInlineAction.php(49): DefaultController->actionLogin()
#4 /home/thais/workspace/admin/framework/web/CController.php(308): CInlineAction->runWithParams()
#5 /home/thais/workspace/admin/framework/web/CController.php(286): DefaultController->runAction()
#6 /home/thais/workspace/admin/framework/web/CController.php(265): DefaultController->runActionWithFilters()
#7 /home/thais/workspace/admin/framework/web/CWebApplication.php(282): DefaultController->run()
#8 /home/thais/workspace/admin/framework/web/CWebApplication.php(141): CWebApplication->runController()
#9 /home/thais/workspace/admin/framework/base/CApplication.php(180): CWebApplication->processRequest()
#10 /home/thais/workspace/admin/index.php(13): CWebApplication->run()
REQUEST_URI=/admin/default/login
in /home/thais/workspace/admin/protected/modules/admin/views/default/login.php (15)
in /home/thais/workspace/admin/protected/modules/admin/controllers/DefaultController.php (13)
in /home/thais/workspace/admin/index.php (13)
2014/09/13 17:22:44 [error] [php] Undefined variable: model (/home/thais/workspace/admin/protected/modules/admin/views/default/login.php:15)
Stack trace:
#0 /home/thais/workspace/admin/framework/web/CController.php(869): DefaultController->renderFile()
#1 /home/thais/workspace/admin/framework/web/CController.php(782): DefaultController->renderPartial()
#2 /home/thais/workspace/admin/protected/modules/admin/controllers/DefaultController.php(13): DefaultController->render()
#3 /home/thais/workspace/admin/framework/web/actions/CInlineAction.php(49): DefaultController->actionLogin()
#4 /home/thais/workspace/admin/framework/web/CController.php(308): CInlineAction->runWithParams()
#5 /home/thais/workspace/admin/framework/web/CController.php(286): DefaultController->runAction()
#6 /home/thais/workspace/admin/framework/web/CController.php(265): DefaultController->runActionWithFilters()
#7 /home/thais/workspace/admin/framework/web/CWebApplication.php(282): DefaultController->run()
#8 /home/thais/workspace/admin/framework/web/CWebApplication.php(141): CWebApplication->runController()
#9 /home/thais/workspace/admin/framework/base/CApplication.php(180): CWebApplication->processRequest()
#10 /home/thais/workspace/admin/index.php(13): CWebApplication->run()
REQUEST_URI=/admin/default/login
in /home/thais/workspace/admin/protected/modules/admin/views/default/login.php (15)
in /home/thais/workspace/admin/protected/modules/admin/controllers/DefaultController.php (13)
in /home/thais/workspace/admin/index.php (13)
2014/09/13 17:32:48 [error] [php] Creating default object from empty value (/home/thais/workspace/admin/protected/modules/admin/controllers/DefaultController.php:17)
Stack trace:
#0 /home/thais/workspace/admin/framework/web/CController.php(286): DefaultController->runAction()
#1 /home/thais/workspace/admin/framework/web/CController.php(265): DefaultController->runActionWithFilters()
#2 /home/thais/workspace/admin/framework/web/CWebApplication.php(282): DefaultController->run()
#3 /home/thais/workspace/admin/framework/web/CWebApplication.php(141): CWebApplication->runController()
#4 /home/thais/workspace/admin/framework/base/CApplication.php(180): CWebApplication->processRequest()
#5 /home/thais/workspace/admin/index.php(13): CWebApplication->run()
REQUEST_URI=/admin/default/login
in /home/thais/workspace/admin/protected/modules/admin/controllers/DefaultController.php (17)
in /home/thais/workspace/admin/index.php (13)
2014/09/13 17:33:20 [error] [php] Missing argument 1 for User::authenticate(), called in /home/thais/workspace/admin/protected/modules/admin/controllers/DefaultController.php on line 20 and defined (/home/thais/workspace/admin/protected/modules/admin/models/User.php:102)
Stack trace:
#0 /home/thais/workspace/admin/framework/web/CController.php(308): CInlineAction->runWithParams()
#1 /home/thais/workspace/admin/framework/web/CController.php(286): DefaultController->runAction()
#2 /home/thais/workspace/admin/framework/web/CController.php(265): DefaultController->runActionWithFilters()
#3 /home/thais/workspace/admin/framework/web/CWebApplication.php(282): DefaultController->run()
#4 /home/thais/workspace/admin/framework/web/CWebApplication.php(141): CWebApplication->runController()
#5 /home/thais/workspace/admin/framework/base/CApplication.php(180): CWebApplication->processRequest()
#6 /home/thais/workspace/admin/index.php(13): CWebApplication->run()
REQUEST_URI=/admin/default/login
in /home/thais/workspace/admin/protected/modules/admin/models/User.php (102)
in /home/thais/workspace/admin/protected/modules/admin/controllers/DefaultController.php (20)
in /home/thais/workspace/admin/index.php (13)
2014/09/13 17:35:32 [error] [exception.CException] exception 'CException' with message 'User tem uma regra de validação inválida. A regra deve especificar atributos para serem validados e o nome do validador.' in /home/thais/workspace/admin/framework/base/CModel.php:289
Stack trace:
#0 /home/thais/workspace/admin/framework/base/CModel.php(260): CModel->createValidators()
#1 /home/thais/workspace/admin/framework/base/CModel.php(547): CModel->getValidators()
#2 /home/thais/workspace/admin/framework/base/CModel.php(468): CModel->getSafeAttributeNames()
#3 /home/thais/workspace/admin/framework/base/CComponent.php(152): CModel->setAttributes(Array)
#4 /home/thais/workspace/admin/framework/db/ar/CActiveRecord.php(161): CComponent->__set('attributes', Array)
#5 /home/thais/workspace/admin/protected/modules/admin/controllers/DefaultController.php(18): CActiveRecord->__set('attributes', Array)
#6 /home/thais/workspace/admin/framework/web/actions/CInlineAction.php(49): DefaultController->actionLogin()
#7 /home/thais/workspace/admin/framework/web/CController.php(308): CInlineAction->runWithParams(Array)
#8 /home/thais/workspace/admin/framework/web/CController.php(286): CController->runAction(Object(CInlineAction))
#9 /home/thais/workspace/admin/framework/web/CController.php(265): CController->runActionWithFilters(Object(CInlineAction), Array)
#10 /home/thais/workspace/admin/framework/web/CWebApplication.php(282): CController->run('login')
#11 /home/thais/workspace/admin/framework/web/CWebApplication.php(141): CWebApplication->runController('admin/default/l...')
#12 /home/thais/workspace/admin/framework/base/CApplication.php(180): CWebApplication->processRequest()
#13 /home/thais/workspace/admin/index.php(13): CApplication->run()
#14 {main}
REQUEST_URI=/admin/default/login
HTTP_REFERER=http://localhost/admin/default/login
---
2014/09/13 17:36:00 [error] [exception.CException] exception 'CException' with message 'User tem uma regra de validação inválida. A regra deve especificar atributos para serem validados e o nome do validador.' in /home/thais/workspace/admin/framework/base/CModel.php:289
Stack trace:
#0 /home/thais/workspace/admin/framework/base/CModel.php(260): CModel->createValidators()
#1 /home/thais/workspace/admin/framework/base/CModel.php(547): CModel->getValidators()
#2 /home/thais/workspace/admin/framework/base/CModel.php(468): CModel->getSafeAttributeNames()
#3 /home/thais/workspace/admin/framework/base/CComponent.php(152): CModel->setAttributes(Array)
#4 /home/thais/workspace/admin/framework/db/ar/CActiveRecord.php(161): CComponent->__set('attributes', Array)
#5 /home/thais/workspace/admin/protected/modules/admin/controllers/DefaultController.php(18): CActiveRecord->__set('attributes', Array)
#6 /home/thais/workspace/admin/framework/web/actions/CInlineAction.php(49): DefaultController->actionLogin()
#7 /home/thais/workspace/admin/framework/web/CController.php(308): CInlineAction->runWithParams(Array)
#8 /home/thais/workspace/admin/framework/web/CController.php(286): CController->runAction(Object(CInlineAction))
#9 /home/thais/workspace/admin/framework/web/CController.php(265): CController->runActionWithFilters(Object(CInlineAction), Array)
#10 /home/thais/workspace/admin/framework/web/CWebApplication.php(282): CController->run('login')
#11 /home/thais/workspace/admin/framework/web/CWebApplication.php(141): CWebApplication->runController('admin/default/l...')
#12 /home/thais/workspace/admin/framework/base/CApplication.php(180): CWebApplication->processRequest()
#13 /home/thais/workspace/admin/index.php(13): CApplication->run()
#14 {main}
REQUEST_URI=/admin/default/login
HTTP_REFERER=http://localhost/admin/default/login
---
2014/09/13 17:44:10 [error] [exception.CException] exception 'CException' with message 'A propriedade "User._identity" não está definida.' in /home/thais/workspace/admin/framework/base/CComponent.php:130
Stack trace:
#0 /home/thais/workspace/admin/framework/db/ar/CActiveRecord.php(145): CComponent->__get('_identity')
#1 /home/thais/workspace/admin/protected/modules/admin/models/User.php(118): CActiveRecord->__get('_identity')
#2 /home/thais/workspace/admin/protected/modules/admin/controllers/DefaultController.php(20): User->login()
#3 /home/thais/workspace/admin/framework/web/actions/CInlineAction.php(49): DefaultController->actionLogin()
#4 /home/thais/workspace/admin/framework/web/CController.php(308): CInlineAction->runWithParams(Array)
#5 /home/thais/workspace/admin/framework/web/CController.php(286): CController->runAction(Object(CInlineAction))
#6 /home/thais/workspace/admin/framework/web/CController.php(265): CController->runActionWithFilters(Object(CInlineAction), Array)
#7 /home/thais/workspace/admin/framework/web/CWebApplication.php(282): CController->run('login')
#8 /home/thais/workspace/admin/framework/web/CWebApplication.php(141): CWebApplication->runController('admin/default/l...')
#9 /home/thais/workspace/admin/framework/base/CApplication.php(180): CWebApplication->processRequest()
#10 /home/thais/workspace/admin/index.php(13): CApplication->run()
#11 {main}
REQUEST_URI=/admin/default/login
HTTP_REFERER=http://localhost/admin/default/login
---
2014/09/13 17:44:30 [error] [exception.CException] exception 'CException' with message 'A propriedade "User.user_email" não está definida.' in /home/thais/workspace/admin/framework/base/CComponent.php:130
Stack trace:
#0 /home/thais/workspace/admin/framework/db/ar/CActiveRecord.php(145): CComponent->__get('user_email')
#1 /home/thais/workspace/admin/protected/modules/admin/models/User.php(123): CActiveRecord->__get('user_email')
#2 /home/thais/workspace/admin/protected/modules/admin/controllers/DefaultController.php(20): User->login()
#3 /home/thais/workspace/admin/framework/web/actions/CInlineAction.php(49): DefaultController->actionLogin()
#4 /home/thais/workspace/admin/framework/web/CController.php(308): CInlineAction->runWithParams(Array)
#5 /home/thais/workspace/admin/framework/web/CController.php(286): CController->runAction(Object(CInlineAction))
#6 /home/thais/workspace/admin/framework/web/CController.php(265): CController->runActionWithFilters(Object(CInlineAction), Array)
#7 /home/thais/workspace/admin/framework/web/CWebApplication.php(282): CController->run('login')
#8 /home/thais/workspace/admin/framework/web/CWebApplication.php(141): CWebApplication->runController('admin/default/l...')
#9 /home/thais/workspace/admin/framework/base/CApplication.php(180): CWebApplication->processRequest()
#10 /home/thais/workspace/admin/index.php(13): CApplication->run()
#11 {main}
REQUEST_URI=/admin/default/login
HTTP_REFERER=http://localhost/admin/default/login
---
2014/09/13 17:45:23 [error] [php] Missing argument 1 for User::authenticate(), called in /home/thais/workspace/admin/protected/modules/admin/models/User.php on line 125 and defined (/home/thais/workspace/admin/protected/modules/admin/models/User.php:106)
Stack trace:
#0 /home/thais/workspace/admin/framework/web/actions/CInlineAction.php(49): DefaultController->actionLogin()
#1 /home/thais/workspace/admin/framework/web/CController.php(308): CInlineAction->runWithParams()
#2 /home/thais/workspace/admin/framework/web/CController.php(286): DefaultController->runAction()
#3 /home/thais/workspace/admin/framework/web/CController.php(265): DefaultController->runActionWithFilters()
#4 /home/thais/workspace/admin/framework/web/CWebApplication.php(282): DefaultController->run()
#5 /home/thais/workspace/admin/framework/web/CWebApplication.php(141): CWebApplication->runController()
#6 /home/thais/workspace/admin/framework/base/CApplication.php(180): CWebApplication->processRequest()
#7 /home/thais/workspace/admin/index.php(13): CWebApplication->run()
REQUEST_URI=/admin/default/login
in /home/thais/workspace/admin/protected/modules/admin/models/User.php (106)
in /home/thais/workspace/admin/protected/modules/admin/models/User.php (125)
in /home/thais/workspace/admin/protected/modules/admin/controllers/DefaultController.php (20)
2014/09/13 17:46:46 [error] [php] Missing argument 2 for CModel::addError(), called in /home/thais/workspace/admin/protected/modules/admin/models/User.php on line 125 and defined (/home/thais/workspace/admin/framework/base/CModel.php:381)
Stack trace:
#0 /home/thais/workspace/admin/framework/web/actions/CInlineAction.php(49): DefaultController->actionLogin()
#1 /home/thais/workspace/admin/framework/web/CController.php(308): CInlineAction->runWithParams()
#2 /home/thais/workspace/admin/framework/web/CController.php(286): DefaultController->runAction()
#3 /home/thais/workspace/admin/framework/web/CController.php(265): DefaultController->runActionWithFilters()
#4 /home/thais/workspace/admin/framework/web/CWebApplication.php(282): DefaultController->run()
#5 /home/thais/workspace/admin/framework/web/CWebApplication.php(141): CWebApplication->runController()
#6 /home/thais/workspace/admin/framework/base/CApplication.php(180): CWebApplication->processRequest()
#7 /home/thais/workspace/admin/index.php(13): CWebApplication->run()
REQUEST_URI=/admin/default/login
in /home/thais/workspace/admin/protected/modules/admin/models/User.php (125)
in /home/thais/workspace/admin/protected/modules/admin/controllers/DefaultController.php (20)
in /home/thais/workspace/admin/index.php (13)
2014/09/13 17:59:15 [error] [exception.CHttpException.404] exception 'CHttpException' with message 'Não foi possível resolver a requisição "admin/logout".' in /home/thais/workspace/admin/framework/web/CWebApplication.php:286
Stack trace:
#0 /home/thais/workspace/admin/framework/web/CWebApplication.php(141): CWebApplication->runController('admin/logout')
#1 /home/thais/workspace/admin/framework/base/CApplication.php(180): CWebApplication->processRequest()
#2 /home/thais/workspace/admin/index.php(13): CApplication->run()
#3 {main}
REQUEST_URI=/admin/logout
HTTP_REFERER=http://localhost/admin/default//
---
2014/09/13 17:59:25 [error] [exception.CHttpException.404] exception 'CHttpException' with message 'Não foi possível resolver a requisição "admin/logout".' in /home/thais/workspace/admin/framework/web/CWebApplication.php:286
Stack trace:
#0 /home/thais/workspace/admin/framework/web/CWebApplication.php(141): CWebApplication->runController('admin/logout')
#1 /home/thais/workspace/admin/framework/base/CApplication.php(180): CWebApplication->processRequest()
#2 /home/thais/workspace/admin/index.php(13): CApplication->run()
#3 {main}
REQUEST_URI=/admin/logout
HTTP_REFERER=http://localhost/admin/default//
---
2014/09/13 18:00:31 [error] [exception.CHttpException.404] exception 'CHttpException' with message 'Não foi possível resolver a requisição "admin/logout".' in /home/thais/workspace/admin/framework/web/CWebApplication.php:286
Stack trace:
#0 /home/thais/workspace/admin/framework/web/CWebApplication.php(141): CWebApplication->runController('admin/logout')
#1 /home/thais/workspace/admin/framework/base/CApplication.php(180): CWebApplication->processRequest()
#2 /home/thais/workspace/admin/index.php(13): CApplication->run()
#3 {main}
REQUEST_URI=/admin/logout
HTTP_REFERER=http://localhost/admin/default//
---
2014/09/13 18:01:12 [error] [exception.CHttpException.404] exception 'CHttpException' with message 'Não foi possível resolver a requisição "home/index".' in /home/thais/workspace/admin/framework/web/CWebApplication.php:286
Stack trace:
#0 /home/thais/workspace/admin/framework/web/CWebApplication.php(141): CWebApplication->runController('home/index')
#1 /home/thais/workspace/admin/framework/base/CApplication.php(180): CWebApplication->processRequest()
#2 /home/thais/workspace/admin/index.php(13): CApplication->run()
#3 {main}
REQUEST_URI=/
HTTP_REFERER=http://localhost/admin/default//
---
