2014/09/05 23:56:07 [error] [exception.CHttpException.404] exception 'CHttpException' with message 'The requested view "index" was not found.' in /home/thais/workspace/cms/framework/web/actions/CViewAction.php:112
Stack trace:
#0 /home/thais/workspace/cms/framework/web/actions/CViewAction.php(123): CViewAction->resolveView('index')
#1 /home/thais/workspace/cms/framework/web/actions/CAction.php(76): CViewAction->run()
#2 /home/thais/workspace/cms/framework/web/CController.php(308): CAction->runWithParams(Array)
#3 /home/thais/workspace/cms/framework/web/CController.php(286): CController->runAction(Object(CViewAction))
#4 /home/thais/workspace/cms/framework/web/CController.php(265): CController->runActionWithFilters(Object(CViewAction), Array)
#5 /home/thais/workspace/cms/framework/web/CWebApplication.php(282): CController->run('page')
#6 /home/thais/workspace/cms/framework/web/CWebApplication.php(141): CWebApplication->runController('site/page/about')
#7 /home/thais/workspace/cms/framework/base/CApplication.php(180): CWebApplication->processRequest()
#8 /home/thais/workspace/cms/admin/index.php(13): CApplication->run()
#9 {main}
REQUEST_URI=/admin/index.php/site/page/about
---
2014/09/06 00:04:55 [error] [exception.CHttpException.404] exception 'CHttpException' with message 'Unable to resolve the request "index".' in /home/thais/workspace/cms/framework/web/CWebApplication.php:286
Stack trace:
#0 /home/thais/workspace/cms/framework/web/CWebApplication.php(141): CWebApplication->runController('index')
#1 /home/thais/workspace/cms/framework/base/CApplication.php(180): CWebApplication->processRequest()
#2 /home/thais/workspace/cms/admin/index.php(13): CApplication->run()
#3 {main}
REQUEST_URI=/admin/index.php/index
HTTP_REFERER=http://localhost/admin/index.php/site/index
---
2014/09/06 00:04:57 [error] [exception.CHttpException.404] exception 'CHttpException' with message 'Unable to resolve the request "index".' in /home/thais/workspace/cms/framework/web/CWebApplication.php:286
Stack trace:
#0 /home/thais/workspace/cms/framework/web/CWebApplication.php(141): CWebApplication->runController('index')
#1 /home/thais/workspace/cms/framework/base/CApplication.php(180): CWebApplication->processRequest()
#2 /home/thais/workspace/cms/admin/index.php(13): CApplication->run()
#3 {main}
REQUEST_URI=/admin/index.php/index
HTTP_REFERER=http://localhost/admin/index.php/index
---
2014/09/06 00:05:00 [error] [exception.CHttpException.404] exception 'CHttpException' with message 'Unable to resolve the request "index".' in /home/thais/workspace/cms/framework/web/CWebApplication.php:286
Stack trace:
#0 /home/thais/workspace/cms/framework/web/CWebApplication.php(141): CWebApplication->runController('index')
#1 /home/thais/workspace/cms/framework/base/CApplication.php(180): CWebApplication->processRequest()
#2 /home/thais/workspace/cms/admin/index.php(13): CApplication->run()
#3 {main}
REQUEST_URI=/admin/index
---
2014/09/06 00:05:04 [error] [exception.CHttpException.404] exception 'CHttpException' with message 'Unable to resolve the request "index".' in /home/thais/workspace/cms/framework/web/CWebApplication.php:286
Stack trace:
#0 /home/thais/workspace/cms/framework/web/CWebApplication.php(141): CWebApplication->runController('index')
#1 /home/thais/workspace/cms/framework/base/CApplication.php(180): CWebApplication->processRequest()
#2 /home/thais/workspace/cms/admin/index.php(13): CApplication->run()
#3 {main}
REQUEST_URI=/admin/index
---
2014/09/06 00:07:19 [error] [exception.CHttpException.404] exception 'CHttpException' with message 'Unable to resolve the request "index".' in /home/thais/workspace/cms/framework/web/CWebApplication.php:286
Stack trace:
#0 /home/thais/workspace/cms/framework/web/CWebApplication.php(141): CWebApplication->runController('index')
#1 /home/thais/workspace/cms/framework/base/CApplication.php(180): CWebApplication->processRequest()
#2 /home/thais/workspace/cms/admin/index.php(13): CApplication->run()
#3 {main}
REQUEST_URI=/admin/index
---
2014/09/06 00:07:45 [error] [exception.CHttpException.404] exception 'CHttpException' with message 'Unable to resolve the request "index".' in /home/thais/workspace/cms/framework/web/CWebApplication.php:286
Stack trace:
#0 /home/thais/workspace/cms/framework/web/CWebApplication.php(141): CWebApplication->runController('index')
#1 /home/thais/workspace/cms/framework/base/CApplication.php(180): CWebApplication->processRequest()
#2 /home/thais/workspace/cms/admin/index.php(13): CApplication->run()
#3 {main}
REQUEST_URI=/admin/index
---
2014/09/06 00:07:45 [error] [exception.CHttpException.404] exception 'CHttpException' with message 'Unable to resolve the request "index".' in /home/thais/workspace/cms/framework/web/CWebApplication.php:286
Stack trace:
#0 /home/thais/workspace/cms/framework/web/CWebApplication.php(141): CWebApplication->runController('index')
#1 /home/thais/workspace/cms/framework/base/CApplication.php(180): CWebApplication->processRequest()
#2 /home/thais/workspace/cms/admin/index.php(13): CApplication->run()
#3 {main}
REQUEST_URI=/admin/index
---
2014/09/06 00:07:46 [error] [exception.CHttpException.404] exception 'CHttpException' with message 'Unable to resolve the request "index".' in /home/thais/workspace/cms/framework/web/CWebApplication.php:286
Stack trace:
#0 /home/thais/workspace/cms/framework/web/CWebApplication.php(141): CWebApplication->runController('index')
#1 /home/thais/workspace/cms/framework/base/CApplication.php(180): CWebApplication->processRequest()
#2 /home/thais/workspace/cms/admin/index.php(13): CApplication->run()
#3 {main}
REQUEST_URI=/admin/index
---
2014/09/06 00:07:46 [error] [exception.CHttpException.404] exception 'CHttpException' with message 'Unable to resolve the request "index".' in /home/thais/workspace/cms/framework/web/CWebApplication.php:286
Stack trace:
#0 /home/thais/workspace/cms/framework/web/CWebApplication.php(141): CWebApplication->runController('index')
#1 /home/thais/workspace/cms/framework/base/CApplication.php(180): CWebApplication->processRequest()
#2 /home/thais/workspace/cms/admin/index.php(13): CApplication->run()
#3 {main}
REQUEST_URI=/admin/index
---
2014/09/06 00:07:46 [error] [exception.CHttpException.404] exception 'CHttpException' with message 'Unable to resolve the request "index".' in /home/thais/workspace/cms/framework/web/CWebApplication.php:286
Stack trace:
#0 /home/thais/workspace/cms/framework/web/CWebApplication.php(141): CWebApplication->runController('index')
#1 /home/thais/workspace/cms/framework/base/CApplication.php(180): CWebApplication->processRequest()
#2 /home/thais/workspace/cms/admin/index.php(13): CApplication->run()
#3 {main}
REQUEST_URI=/admin/index
---
2014/09/06 00:07:46 [error] [exception.CHttpException.404] exception 'CHttpException' with message 'Unable to resolve the request "index".' in /home/thais/workspace/cms/framework/web/CWebApplication.php:286
Stack trace:
#0 /home/thais/workspace/cms/framework/web/CWebApplication.php(141): CWebApplication->runController('index')
#1 /home/thais/workspace/cms/framework/base/CApplication.php(180): CWebApplication->processRequest()
#2 /home/thais/workspace/cms/admin/index.php(13): CApplication->run()
#3 {main}
REQUEST_URI=/admin/index
---
2014/09/06 00:07:47 [error] [exception.CHttpException.404] exception 'CHttpException' with message 'Unable to resolve the request "index".' in /home/thais/workspace/cms/framework/web/CWebApplication.php:286
Stack trace:
#0 /home/thais/workspace/cms/framework/web/CWebApplication.php(141): CWebApplication->runController('index')
#1 /home/thais/workspace/cms/framework/base/CApplication.php(180): CWebApplication->processRequest()
#2 /home/thais/workspace/cms/admin/index.php(13): CApplication->run()
#3 {main}
REQUEST_URI=/admin/index
---
2014/09/06 00:07:47 [error] [exception.CHttpException.404] exception 'CHttpException' with message 'Unable to resolve the request "index".' in /home/thais/workspace/cms/framework/web/CWebApplication.php:286
Stack trace:
#0 /home/thais/workspace/cms/framework/web/CWebApplication.php(141): CWebApplication->runController('index')
#1 /home/thais/workspace/cms/framework/base/CApplication.php(180): CWebApplication->processRequest()
#2 /home/thais/workspace/cms/admin/index.php(13): CApplication->run()
#3 {main}
REQUEST_URI=/admin/index
---
2014/09/06 00:07:47 [error] [exception.CHttpException.404] exception 'CHttpException' with message 'Unable to resolve the request "index".' in /home/thais/workspace/cms/framework/web/CWebApplication.php:286
Stack trace:
#0 /home/thais/workspace/cms/framework/web/CWebApplication.php(141): CWebApplication->runController('index')
#1 /home/thais/workspace/cms/framework/base/CApplication.php(180): CWebApplication->processRequest()
#2 /home/thais/workspace/cms/admin/index.php(13): CApplication->run()
#3 {main}
REQUEST_URI=/admin/index
---
2014/09/06 00:07:47 [error] [exception.CHttpException.404] exception 'CHttpException' with message 'Unable to resolve the request "index".' in /home/thais/workspace/cms/framework/web/CWebApplication.php:286
Stack trace:
#0 /home/thais/workspace/cms/framework/web/CWebApplication.php(141): CWebApplication->runController('index')
#1 /home/thais/workspace/cms/framework/base/CApplication.php(180): CWebApplication->processRequest()
#2 /home/thais/workspace/cms/admin/index.php(13): CApplication->run()
#3 {main}
REQUEST_URI=/admin/index
---
2014/09/06 00:07:47 [error] [exception.CHttpException.404] exception 'CHttpException' with message 'Unable to resolve the request "index".' in /home/thais/workspace/cms/framework/web/CWebApplication.php:286
Stack trace:
#0 /home/thais/workspace/cms/framework/web/CWebApplication.php(141): CWebApplication->runController('index')
#1 /home/thais/workspace/cms/framework/base/CApplication.php(180): CWebApplication->processRequest()
#2 /home/thais/workspace/cms/admin/index.php(13): CApplication->run()
#3 {main}
REQUEST_URI=/admin/index
---
2014/09/06 00:08:08 [error] [exception.CHttpException.404] exception 'CHttpException' with message 'Unable to resolve the request "index".' in /home/thais/workspace/cms/framework/web/CWebApplication.php:286
Stack trace:
#0 /home/thais/workspace/cms/framework/web/CWebApplication.php(141): CWebApplication->runController('index')
#1 /home/thais/workspace/cms/framework/base/CApplication.php(180): CWebApplication->processRequest()
#2 /home/thais/workspace/cms/admin/index.php(13): CApplication->run()
#3 {main}
REQUEST_URI=/admin/index
---
2014/09/06 00:08:32 [error] [exception.CHttpException.404] exception 'CHttpException' with message 'Unable to resolve the request "index".' in /home/thais/workspace/cms/framework/web/CWebApplication.php:286
Stack trace:
#0 /home/thais/workspace/cms/framework/web/CWebApplication.php(141): CWebApplication->runController('index')
#1 /home/thais/workspace/cms/framework/base/CApplication.php(180): CWebApplication->processRequest()
#2 /home/thais/workspace/cms/admin/index.php(13): CApplication->run()
#3 {main}
REQUEST_URI=/admin/index
---
2014/09/06 00:08:33 [error] [exception.CHttpException.404] exception 'CHttpException' with message 'Unable to resolve the request "index".' in /home/thais/workspace/cms/framework/web/CWebApplication.php:286
Stack trace:
#0 /home/thais/workspace/cms/framework/web/CWebApplication.php(141): CWebApplication->runController('index')
#1 /home/thais/workspace/cms/framework/base/CApplication.php(180): CWebApplication->processRequest()
#2 /home/thais/workspace/cms/admin/index.php(13): CApplication->run()
#3 {main}
REQUEST_URI=/admin/index
---
2014/09/06 00:08:33 [error] [exception.CHttpException.404] exception 'CHttpException' with message 'Unable to resolve the request "index".' in /home/thais/workspace/cms/framework/web/CWebApplication.php:286
Stack trace:
#0 /home/thais/workspace/cms/framework/web/CWebApplication.php(141): CWebApplication->runController('index')
#1 /home/thais/workspace/cms/framework/base/CApplication.php(180): CWebApplication->processRequest()
#2 /home/thais/workspace/cms/admin/index.php(13): CApplication->run()
#3 {main}
REQUEST_URI=/admin/index
---
2014/09/06 00:21:12 [error] [exception.CHttpException.404] exception 'CHttpException' with message 'Unable to resolve the request "contact".' in /home/thais/workspace/cms/framework/web/CWebApplication.php:286
Stack trace:
#0 /home/thais/workspace/cms/framework/web/CWebApplication.php(141): CWebApplication->runController('contact')
#1 /home/thais/workspace/cms/framework/base/CApplication.php(180): CWebApplication->processRequest()
#2 /home/thais/workspace/cms/admin/index.php(13): CApplication->run()
#3 {main}
REQUEST_URI=/admin/contact
---
2014/09/06 00:21:17 [error] [exception.CHttpException.404] exception 'CHttpException' with message 'Unable to resolve the request "about[".' in /home/thais/workspace/cms/framework/web/CWebApplication.php:286
Stack trace:
#0 /home/thais/workspace/cms/framework/web/CWebApplication.php(141): CWebApplication->runController('about[')
#1 /home/thais/workspace/cms/framework/base/CApplication.php(180): CWebApplication->processRequest()
#2 /home/thais/workspace/cms/admin/index.php(13): CApplication->run()
#3 {main}
REQUEST_URI=/admin/about%5B
---
2014/09/06 00:21:31 [error] [exception.CHttpException.404] exception 'CHttpException' with message 'Unable to resolve the request "aboute".' in /home/thais/workspace/cms/framework/web/CWebApplication.php:286
Stack trace:
#0 /home/thais/workspace/cms/framework/web/CWebApplication.php(141): CWebApplication->runController('aboute')
#1 /home/thais/workspace/cms/framework/base/CApplication.php(180): CWebApplication->processRequest()
#2 /home/thais/workspace/cms/admin/index.php(13): CApplication->run()
#3 {main}
REQUEST_URI=/admin/aboute
---
2014/09/06 00:27:18 [error] [exception.CHttpException.404] exception 'CHttpException' with message 'Unable to resolve the request "page/about".' in /home/thais/workspace/cms/framework/web/CWebApplication.php:286
Stack trace:
#0 /home/thais/workspace/cms/framework/web/CWebApplication.php(141): CWebApplication->runController('page/about')
#1 /home/thais/workspace/cms/framework/base/CApplication.php(180): CWebApplication->processRequest()
#2 /home/thais/workspace/cms/admin/index.php(13): CApplication->run()
#3 {main}
REQUEST_URI=/admin/index.php/page/about
HTTP_REFERER=http://localhost/admin/about
---
2014/09/06 00:27:20 [error] [exception.CHttpException.404] exception 'CHttpException' with message 'Unable to resolve the request "index".' in /home/thais/workspace/cms/framework/web/CWebApplication.php:286
Stack trace:
#0 /home/thais/workspace/cms/framework/web/CWebApplication.php(141): CWebApplication->runController('index')
#1 /home/thais/workspace/cms/framework/base/CApplication.php(180): CWebApplication->processRequest()
#2 /home/thais/workspace/cms/admin/index.php(13): CApplication->run()
#3 {main}
REQUEST_URI=/admin/index.php/index
HTTP_REFERER=http://localhost/admin/index.php/page/about
---
2014/09/06 00:27:20 [error] [exception.CHttpException.404] exception 'CHttpException' with message 'Unable to resolve the request "page/about".' in /home/thais/workspace/cms/framework/web/CWebApplication.php:286
Stack trace:
#0 /home/thais/workspace/cms/framework/web/CWebApplication.php(141): CWebApplication->runController('page/about')
#1 /home/thais/workspace/cms/framework/base/CApplication.php(180): CWebApplication->processRequest()
#2 /home/thais/workspace/cms/admin/index.php(13): CApplication->run()
#3 {main}
REQUEST_URI=/admin/index.php/page/about
HTTP_REFERER=http://localhost/admin/index.php/index
---
2014/09/06 00:27:39 [error] [exception.CHttpException.404] exception 'CHttpException' with message 'Unable to resolve the request "page/about".' in /home/thais/workspace/cms/framework/web/CWebApplication.php:286
Stack trace:
#0 /home/thais/workspace/cms/framework/web/CWebApplication.php(141): CWebApplication->runController('page/about')
#1 /home/thais/workspace/cms/framework/base/CApplication.php(180): CWebApplication->processRequest()
#2 /home/thais/workspace/cms/admin/index.php(13): CApplication->run()
#3 {main}
REQUEST_URI=/admin/index.php/page/about
HTTP_REFERER=http://localhost/admin/index.php/index
---
2014/09/06 00:28:54 [error] [exception.CHttpException.404] exception 'CHttpException' with message 'Unable to resolve the request "page/about".' in /home/thais/workspace/cms/framework/web/CWebApplication.php:286
Stack trace:
#0 /home/thais/workspace/cms/framework/web/CWebApplication.php(141): CWebApplication->runController('page/about')
#1 /home/thais/workspace/cms/framework/base/CApplication.php(180): CWebApplication->processRequest()
#2 /home/thais/workspace/cms/admin/index.php(13): CApplication->run()
#3 {main}
REQUEST_URI=/admin/page/about
HTTP_REFERER=http://localhost/admin/
---
2014/09/06 00:28:55 [error] [exception.CHttpException.404] exception 'CHttpException' with message 'Unable to resolve the request "contact".' in /home/thais/workspace/cms/framework/web/CWebApplication.php:286
Stack trace:
#0 /home/thais/workspace/cms/framework/web/CWebApplication.php(141): CWebApplication->runController('contact')
#1 /home/thais/workspace/cms/framework/base/CApplication.php(180): CWebApplication->processRequest()
#2 /home/thais/workspace/cms/admin/index.php(13): CApplication->run()
#3 {main}
REQUEST_URI=/admin/contact
HTTP_REFERER=http://localhost/admin/page/about
---
2014/09/06 00:28:57 [error] [exception.CHttpException.404] exception 'CHttpException' with message 'Unable to resolve the request "index".' in /home/thais/workspace/cms/framework/web/CWebApplication.php:286
Stack trace:
#0 /home/thais/workspace/cms/framework/web/CWebApplication.php(141): CWebApplication->runController('index')
#1 /home/thais/workspace/cms/framework/base/CApplication.php(180): CWebApplication->processRequest()
#2 /home/thais/workspace/cms/admin/index.php(13): CApplication->run()
#3 {main}
REQUEST_URI=/admin/index
HTTP_REFERER=http://localhost/admin/contact
---
2014/09/06 00:28:58 [error] [exception.CHttpException.404] exception 'CHttpException' with message 'Unable to resolve the request "page/about".' in /home/thais/workspace/cms/framework/web/CWebApplication.php:286
Stack trace:
#0 /home/thais/workspace/cms/framework/web/CWebApplication.php(141): CWebApplication->runController('page/about')
#1 /home/thais/workspace/cms/framework/base/CApplication.php(180): CWebApplication->processRequest()
#2 /home/thais/workspace/cms/admin/index.php(13): CApplication->run()
#3 {main}
REQUEST_URI=/admin/page/about
HTTP_REFERER=http://localhost/admin/index
---
2014/09/06 00:28:58 [error] [exception.CHttpException.404] exception 'CHttpException' with message 'Unable to resolve the request "contact".' in /home/thais/workspace/cms/framework/web/CWebApplication.php:286
Stack trace:
#0 /home/thais/workspace/cms/framework/web/CWebApplication.php(141): CWebApplication->runController('contact')
#1 /home/thais/workspace/cms/framework/base/CApplication.php(180): CWebApplication->processRequest()
#2 /home/thais/workspace/cms/admin/index.php(13): CApplication->run()
#3 {main}
REQUEST_URI=/admin/contact
HTTP_REFERER=http://localhost/admin/page/about
---
2014/09/06 00:28:59 [error] [exception.CHttpException.404] exception 'CHttpException' with message 'Unable to resolve the request "login".' in /home/thais/workspace/cms/framework/web/CWebApplication.php:286
Stack trace:
#0 /home/thais/workspace/cms/framework/web/CWebApplication.php(141): CWebApplication->runController('login')
#1 /home/thais/workspace/cms/framework/base/CApplication.php(180): CWebApplication->processRequest()
#2 /home/thais/workspace/cms/admin/index.php(13): CApplication->run()
#3 {main}
REQUEST_URI=/admin/login
HTTP_REFERER=http://localhost/admin/contact
---
2014/09/06 00:29:00 [error] [exception.CHttpException.404] exception 'CHttpException' with message 'Unable to resolve the request "index".' in /home/thais/workspace/cms/framework/web/CWebApplication.php:286
Stack trace:
#0 /home/thais/workspace/cms/framework/web/CWebApplication.php(141): CWebApplication->runController('index')
#1 /home/thais/workspace/cms/framework/base/CApplication.php(180): CWebApplication->processRequest()
#2 /home/thais/workspace/cms/admin/index.php(13): CApplication->run()
#3 {main}
REQUEST_URI=/admin/index
HTTP_REFERER=http://localhost/admin/login
---
2014/09/06 00:29:03 [error] [exception.CHttpException.404] exception 'CHttpException' with message 'Unable to resolve the request "page/about".' in /home/thais/workspace/cms/framework/web/CWebApplication.php:286
Stack trace:
#0 /home/thais/workspace/cms/framework/web/CWebApplication.php(141): CWebApplication->runController('page/about')
#1 /home/thais/workspace/cms/framework/base/CApplication.php(180): CWebApplication->processRequest()
#2 /home/thais/workspace/cms/admin/index.php(13): CApplication->run()
#3 {main}
REQUEST_URI=/admin/page/about
HTTP_REFERER=http://localhost/admin/index
---
2014/09/06 00:29:05 [error] [exception.CHttpException.404] exception 'CHttpException' with message 'Unable to resolve the request "contact".' in /home/thais/workspace/cms/framework/web/CWebApplication.php:286
Stack trace:
#0 /home/thais/workspace/cms/framework/web/CWebApplication.php(141): CWebApplication->runController('contact')
#1 /home/thais/workspace/cms/framework/base/CApplication.php(180): CWebApplication->processRequest()
#2 /home/thais/workspace/cms/admin/index.php(13): CApplication->run()
#3 {main}
REQUEST_URI=/admin/contact
HTTP_REFERER=http://localhost/admin/page/about
---
2014/09/06 00:29:32 [error] [exception.CHttpException.404] exception 'CHttpException' with message 'Unable to resolve the request "contact".' in /home/thais/workspace/cms/framework/web/CWebApplication.php:286
Stack trace:
#0 /home/thais/workspace/cms/framework/web/CWebApplication.php(141): CWebApplication->runController('contact')
#1 /home/thais/workspace/cms/framework/base/CApplication.php(180): CWebApplication->processRequest()
#2 /home/thais/workspace/cms/admin/index.php(13): CApplication->run()
#3 {main}
REQUEST_URI=/admin/contact
HTTP_REFERER=http://localhost/admin/page/about
---
2014/09/06 00:29:33 [error] [exception.CHttpException.404] exception 'CHttpException' with message 'Unable to resolve the request "page/about".' in /home/thais/workspace/cms/framework/web/CWebApplication.php:286
Stack trace:
#0 /home/thais/workspace/cms/framework/web/CWebApplication.php(141): CWebApplication->runController('page/about')
#1 /home/thais/workspace/cms/framework/base/CApplication.php(180): CWebApplication->processRequest()
#2 /home/thais/workspace/cms/admin/index.php(13): CApplication->run()
#3 {main}
REQUEST_URI=/admin/page/about
HTTP_REFERER=http://localhost/admin/contact
---
2014/09/06 00:29:34 [error] [exception.CHttpException.404] exception 'CHttpException' with message 'Unable to resolve the request "index".' in /home/thais/workspace/cms/framework/web/CWebApplication.php:286
Stack trace:
#0 /home/thais/workspace/cms/framework/web/CWebApplication.php(141): CWebApplication->runController('index')
#1 /home/thais/workspace/cms/framework/base/CApplication.php(180): CWebApplication->processRequest()
#2 /home/thais/workspace/cms/admin/index.php(13): CApplication->run()
#3 {main}
REQUEST_URI=/admin/index
HTTP_REFERER=http://localhost/admin/page/about
---
2014/09/06 00:29:48 [error] [exception.CHttpException.404] exception 'CHttpException' with message 'Unable to resolve the request "index".' in /home/thais/workspace/cms/framework/web/CWebApplication.php:286
Stack trace:
#0 /home/thais/workspace/cms/framework/web/CWebApplication.php(141): CWebApplication->runController('index')
#1 /home/thais/workspace/cms/framework/base/CApplication.php(180): CWebApplication->processRequest()
#2 /home/thais/workspace/cms/admin/index.php(13): CApplication->run()
#3 {main}
REQUEST_URI=/admin/index
HTTP_REFERER=http://localhost/admin/page/about
---
2014/09/06 00:30:00 [error] [exception.CHttpException.404] exception 'CHttpException' with message 'The system is unable to find the requested action "page?view=about".' in /home/thais/workspace/cms/framework/web/CController.php:483
Stack trace:
#0 /home/thais/workspace/cms/framework/web/CController.php(270): CController->missingAction('page?view=about')
#1 /home/thais/workspace/cms/framework/web/CWebApplication.php(282): CController->run('page?view=about')
#2 /home/thais/workspace/cms/framework/web/CWebApplication.php(141): CWebApplication->runController('site/page?view=...')
#3 /home/thais/workspace/cms/framework/base/CApplication.php(180): CWebApplication->processRequest()
#4 /home/thais/workspace/cms/admin/index.php(13): CApplication->run()
#5 {main}
REQUEST_URI=/admin/site/page/about
---
2014/09/06 00:30:41 [error] [exception.CHttpException.404] exception 'CHttpException' with message 'The system is unable to find the requested action "page=view=about".' in /home/thais/workspace/cms/framework/web/CController.php:483
Stack trace:
#0 /home/thais/workspace/cms/framework/web/CController.php(270): CController->missingAction('page=view=about')
#1 /home/thais/workspace/cms/framework/web/CWebApplication.php(282): CController->run('page=view=about')
#2 /home/thais/workspace/cms/framework/web/CWebApplication.php(141): CWebApplication->runController('site/page=view=...')
#3 /home/thais/workspace/cms/framework/base/CApplication.php(180): CWebApplication->processRequest()
#4 /home/thais/workspace/cms/admin/index.php(13): CApplication->run()
#5 {main}
REQUEST_URI=/admin/about
---
2014/09/06 00:30:49 [error] [exception.CHttpException.404] exception 'CHttpException' with message 'The system is unable to find the requested action "page=view=about".' in /home/thais/workspace/cms/framework/web/CController.php:483
Stack trace:
#0 /home/thais/workspace/cms/framework/web/CController.php(270): CController->missingAction('page=view=about')
#1 /home/thais/workspace/cms/framework/web/CWebApplication.php(282): CController->run('page=view=about')
#2 /home/thais/workspace/cms/framework/web/CWebApplication.php(141): CWebApplication->runController('site/page=view=...')
#3 /home/thais/workspace/cms/framework/base/CApplication.php(180): CWebApplication->processRequest()
#4 /home/thais/workspace/cms/admin/index.php(13): CApplication->run()
#5 {main}
REQUEST_URI=/admin/about
---
2014/09/06 00:30:55 [error] [exception.CHttpException.404] exception 'CHttpException' with message 'Unable to resolve the request "page/about".' in /home/thais/workspace/cms/framework/web/CWebApplication.php:286
Stack trace:
#0 /home/thais/workspace/cms/framework/web/CWebApplication.php(141): CWebApplication->runController('page/about')
#1 /home/thais/workspace/cms/framework/base/CApplication.php(180): CWebApplication->processRequest()
#2 /home/thais/workspace/cms/admin/index.php(13): CApplication->run()
#3 {main}
REQUEST_URI=/admin/page/about
---
2014/09/06 00:31:09 [error] [exception.CHttpException.404] exception 'CHttpException' with message 'Unable to resolve the request "page/about".' in /home/thais/workspace/cms/framework/web/CWebApplication.php:286
Stack trace:
#0 /home/thais/workspace/cms/framework/web/CWebApplication.php(141): CWebApplication->runController('page/about')
#1 /home/thais/workspace/cms/framework/base/CApplication.php(180): CWebApplication->processRequest()
#2 /home/thais/workspace/cms/admin/index.php(13): CApplication->run()
#3 {main}
REQUEST_URI=/admin/page/about
---
2014/09/06 00:31:11 [error] [exception.CHttpException.404] exception 'CHttpException' with message 'Unable to resolve the request "page/about".' in /home/thais/workspace/cms/framework/web/CWebApplication.php:286
Stack trace:
#0 /home/thais/workspace/cms/framework/web/CWebApplication.php(141): CWebApplication->runController('page/about')
#1 /home/thais/workspace/cms/framework/base/CApplication.php(180): CWebApplication->processRequest()
#2 /home/thais/workspace/cms/admin/index.php(13): CApplication->run()
#3 {main}
REQUEST_URI=/admin/page/about
---
2014/09/06 00:32:11 [error] [exception.CHttpException.404] exception 'CHttpException' with message 'Unable to resolve the request "page/about".' in /home/thais/workspace/cms/framework/web/CWebApplication.php:286
Stack trace:
#0 /home/thais/workspace/cms/framework/web/CWebApplication.php(141): CWebApplication->runController('page/about')
#1 /home/thais/workspace/cms/framework/base/CApplication.php(180): CWebApplication->processRequest()
#2 /home/thais/workspace/cms/admin/index.php(13): CApplication->run()
#3 {main}
REQUEST_URI=/admin/page/about
---
